{"contracts/BigbomContributorWhiteList.sol":{"l":{"16":8,"17":8,"19":8,"20":8,"21":8,"26":2,"27":2,"28":2,"29":6,"34":10,"37":4},"path":"/Users/sun/Documents/git/bigbom/BigBomTokenSale/contracts/BigbomContributorWhiteList.sol","s":{"1":8,"2":8,"3":8,"4":8,"5":8,"6":2,"7":2,"8":2,"9":6,"10":10,"11":4},"b":{"1":[8,0],"2":[8,0],"3":[2,0],"4":[2,0]},"f":{"1":2,"2":8,"3":2,"4":10,"5":4},"fnMap":{"1":{"name":"BigbomContributorWhiteList","line":9,"loc":{"start":{"line":9,"column":4},"end":{"line":9,"column":47}}},"2":{"name":"listAddress","line":15,"loc":{"start":{"line":15,"column":4},"end":{"line":15,"column":84}}},"3":{"name":"listAddresses","line":25,"loc":{"start":{"line":25,"column":4},"end":{"line":25,"column":94}}},"4":{"name":"getMinCap","line":33,"loc":{"start":{"line":33,"column":4},"end":{"line":33,"column":67}}},"5":{"name":"getMaxCap","line":36,"loc":{"start":{"line":36,"column":4},"end":{"line":36,"column":67}}}},"statementMap":{"1":{"start":{"line":16,"column":8},"end":{"line":16,"column":34}},"2":{"start":{"line":17,"column":8},"end":{"line":17,"column":37}},"3":{"start":{"line":19,"column":8},"end":{"line":19,"column":37}},"4":{"start":{"line":20,"column":8},"end":{"line":20,"column":37}},"5":{"start":{"line":21,"column":8},"end":{"line":21,"column":50}},"6":{"start":{"line":26,"column":8},"end":{"line":26,"column":48}},"7":{"start":{"line":27,"column":8},"end":{"line":27,"column":48}},"8":{"start":{"line":28,"column":8},"end":{"line":28,"column":1019}},"9":{"start":{"line":29,"column":12},"end":{"line":29,"column":59}},"10":{"start":{"line":34,"column":8},"end":{"line":34,"column":35}},"11":{"start":{"line":37,"column":8},"end":{"line":37,"column":35}}},"branchMap":{"1":{"line":16,"type":"if","locations":[{"start":{"line":16,"column":8},"end":{"line":16,"column":8}},{"start":{"line":16,"column":8},"end":{"line":16,"column":8}}]},"2":{"line":17,"type":"if","locations":[{"start":{"line":17,"column":8},"end":{"line":17,"column":8}},{"start":{"line":17,"column":8},"end":{"line":17,"column":8}}]},"3":{"line":26,"type":"if","locations":[{"start":{"line":26,"column":8},"end":{"line":26,"column":8}},{"start":{"line":26,"column":8},"end":{"line":26,"column":8}}]},"4":{"line":27,"type":"if","locations":[{"start":{"line":27,"column":8},"end":{"line":27,"column":8}},{"start":{"line":27,"column":8},"end":{"line":27,"column":8}}]}}},"contracts/BigbomPrivateSaleList.sol":{"l":{"15":5,"17":5,"18":5,"23":1,"24":1,"25":4,"30":2},"path":"/Users/sun/Documents/git/bigbom/BigBomTokenSale/contracts/BigbomPrivateSaleList.sol","s":{"1":5,"2":5,"3":5,"4":1,"5":1,"6":4,"7":2},"b":{"1":[5,0],"2":[1,0]},"f":{"1":2,"2":5,"3":1,"4":2},"fnMap":{"1":{"name":"BigbomPrivateSaleList","line":8,"loc":{"start":{"line":8,"column":4},"end":{"line":8,"column":42}}},"2":{"name":"listAddress","line":14,"loc":{"start":{"line":14,"column":4},"end":{"line":14,"column":70}}},"3":{"name":"listAddresses","line":22,"loc":{"start":{"line":22,"column":4},"end":{"line":22,"column":77}}},"4":{"name":"getCap","line":29,"loc":{"start":{"line":29,"column":4},"end":{"line":29,"column":64}}}},"statementMap":{"1":{"start":{"line":15,"column":8},"end":{"line":15,"column":37}},"2":{"start":{"line":17,"column":8},"end":{"line":17,"column":34}},"3":{"start":{"line":18,"column":8},"end":{"line":18,"column":41}},"4":{"start":{"line":23,"column":8},"end":{"line":23,"column":48}},"5":{"start":{"line":24,"column":8},"end":{"line":24,"column":775}},"6":{"start":{"line":25,"column":12},"end":{"line":25,"column":47}},"7":{"start":{"line":30,"column":8},"end":{"line":30,"column":32}}},"branchMap":{"1":{"line":15,"type":"if","locations":[{"start":{"line":15,"column":8},"end":{"line":15,"column":8}},{"start":{"line":15,"column":8},"end":{"line":15,"column":8}}]},"2":{"line":23,"type":"if","locations":[{"start":{"line":23,"column":8},"end":{"line":23,"column":8}},{"start":{"line":23,"column":8},"end":{"line":23,"column":8}}]}}},"contracts/BigBomToken.sol":{"l":{"43":18,"44":18,"45":2,"47":18,"48":2,"50":18,"51":2,"53":18,"54":2,"56":18,"57":2,"59":18,"66":4,"68":2,"70":2,"72":1,"74":1,"76":2,"80":3,"81":3,"86":22,"87":20,"88":18,"89":17,"92":17,"93":17,"96":26,"97":2,"100":26,"103":0,"104":0,"105":0,"106":0,"109":1,"110":1,"121":4,"122":4,"125":4,"126":4,"127":4,"128":4,"129":4,"130":4,"139":4,"140":4,"141":4,"145":2,"146":2,"147":0,"148":0,"149":0,"154":3,"156":3,"158":3,"167":14,"168":14,"169":14,"171":14,"174":14,"176":1,"177":0,"180":13,"183":13,"191":0,"201":3,"202":3,"204":3,"206":1,"208":1,"210":0,"213":1,"221":4,"222":3,"223":3,"224":3,"225":3,"232":0,"233":0,"237":1},"path":"/Users/sun/Documents/git/bigbom/BigBomTokenSale/contracts/BigBomToken.sol","s":{"1":18,"2":18,"3":2,"4":18,"5":2,"6":18,"7":2,"8":18,"9":2,"10":18,"11":2,"12":18,"13":4,"14":2,"15":2,"16":1,"17":1,"18":2,"19":3,"20":3,"21":22,"22":20,"23":18,"24":17,"25":26,"26":2,"27":0,"28":0,"29":0,"30":1,"31":1,"32":4,"33":4,"34":4,"35":4,"36":4,"37":4,"38":4,"39":4,"40":4,"41":4,"42":4,"43":2,"44":2,"45":0,"46":0,"47":0,"48":3,"49":3,"50":3,"51":14,"52":14,"53":14,"54":14,"55":14,"56":1,"57":0,"58":13,"59":13,"60":0,"61":3,"62":3,"63":3,"64":1,"65":1,"66":0,"67":1,"68":4,"69":3,"70":3,"71":3,"72":3,"73":0,"74":0},"b":{"1":[2,16],"2":[2,16],"3":[2,16],"4":[2,16],"5":[2,16],"6":[2,2],"7":[1,1],"8":[20,2],"9":[18,2],"10":[17,1],"11":[17,0],"12":[2,24],"13":[2,0],"14":[0,0],"15":[0,0],"16":[1,0],"17":[2,0],"18":[0,2],"19":[0,0],"20":[3,0],"21":[3,0],"22":[14,0],"23":[1,13],"24":[1,2],"25":[0,1],"26":[0,0]},"f":{"1":18,"2":4,"3":22,"4":17,"5":26,"6":0,"7":1,"8":4,"9":2,"10":3,"11":14,"12":0,"13":3,"14":4,"15":0,"16":1},"fnMap":{"1":{"name":"checkMaxAllowed","line":42,"loc":{"start":{"line":42,"column":4},"end":{"line":42,"column":75}}},"2":{"name":"freezeAccount","line":63,"loc":{"start":{"line":63,"column":4},"end":{"line":63,"column":85}}},"3":{"name":"validDestination","line":85,"loc":{"start":{"line":85,"column":4},"end":{"line":85,"column":41}}},"4":{"name":"validFrom","line":91,"loc":{"start":{"line":91,"column":4},"end":{"line":91,"column":33}}},"5":{"name":"onlyWhenTransferEnabled","line":95,"loc":{"start":{"line":95,"column":4},"end":{"line":95,"column":36}}},"6":{"name":"onlyPrivateListEnabled","line":102,"loc":{"start":{"line":102,"column":4},"end":{"line":102,"column":45}}},"7":{"name":"setPrivateList","line":108,"loc":{"start":{"line":108,"column":4},"end":{"line":108,"column":84}}},"8":{"name":"BigbomToken","line":114,"loc":{"start":{"line":114,"column":4},"end":{"line":119,"column":18}}},"9":{"name":"setTimeSale","line":144,"loc":{"start":{"line":144,"column":4},"end":{"line":144,"column":69}}},"10":{"name":"setTokenSaleContract","line":152,"loc":{"start":{"line":152,"column":4},"end":{"line":152,"column":76}}},"11":{"name":"transfer","line":160,"loc":{"start":{"line":160,"column":4},"end":{"line":165,"column":24}}},"12":{"name":"transferPrivateSale","line":186,"loc":{"start":{"line":186,"column":4},"end":{"line":190,"column":24}}},"13":{"name":"transferFrom","line":194,"loc":{"start":{"line":194,"column":4},"end":{"line":199,"column":24}}},"14":{"name":"burn","line":218,"loc":{"start":{"line":218,"column":4},"end":{"line":220,"column":23}}},"15":{"name":"burnFrom","line":229,"loc":{"start":{"line":229,"column":4},"end":{"line":231,"column":24}}},"16":{"name":"emergencyERC20Drain","line":236,"loc":{"start":{"line":236,"column":4},"end":{"line":236,"column":75}}}},"statementMap":{"1":{"start":{"line":43,"column":8},"end":{"line":43,"column":41}},"2":{"start":{"line":44,"column":8},"end":{"line":44,"column":1743}},"3":{"start":{"line":45,"column":12},"end":{"line":45,"column":38}},"4":{"start":{"line":47,"column":8},"end":{"line":47,"column":1842}},"5":{"start":{"line":48,"column":12},"end":{"line":48,"column":38}},"6":{"start":{"line":50,"column":8},"end":{"line":50,"column":1932}},"7":{"start":{"line":51,"column":12},"end":{"line":51,"column":38}},"8":{"start":{"line":53,"column":8},"end":{"line":53,"column":2022}},"9":{"start":{"line":54,"column":12},"end":{"line":54,"column":38}},"10":{"start":{"line":56,"column":8},"end":{"line":56,"column":2118}},"11":{"start":{"line":57,"column":12},"end":{"line":57,"column":37}},"12":{"start":{"line":59,"column":8},"end":{"line":59,"column":24}},"13":{"start":{"line":66,"column":8},"end":{"line":66,"column":2363}},"14":{"start":{"line":68,"column":12},"end":{"line":68,"column":50}},"15":{"start":{"line":70,"column":12},"end":{"line":70,"column":41}},"16":{"start":{"line":72,"column":12},"end":{"line":72,"column":41}},"17":{"start":{"line":74,"column":12},"end":{"line":74,"column":23}},"18":{"start":{"line":76,"column":12},"end":{"line":76,"column":41}},"19":{"start":{"line":80,"column":8},"end":{"line":80,"column":42}},"20":{"start":{"line":81,"column":8},"end":{"line":81,"column":44}},"21":{"start":{"line":86,"column":8},"end":{"line":86,"column":34}},"22":{"start":{"line":87,"column":8},"end":{"line":87,"column":36}},"23":{"start":{"line":88,"column":8},"end":{"line":88,"column":34}},"24":{"start":{"line":92,"column":8},"end":{"line":92,"column":36}},"25":{"start":{"line":96,"column":8},"end":{"line":96,"column":3359}},"26":{"start":{"line":97,"column":12},"end":{"line":97,"column":53}},"27":{"start":{"line":103,"column":8},"end":{"line":103,"column":36}},"28":{"start":{"line":104,"column":8},"end":{"line":104,"column":50}},"29":{"start":{"line":105,"column":8},"end":{"line":105,"column":29}},"30":{"start":{"line":109,"column":8},"end":{"line":109,"column":48}},"31":{"start":{"line":110,"column":8},"end":{"line":110,"column":41}},"32":{"start":{"line":121,"column":8},"end":{"line":121,"column":41}},"33":{"start":{"line":122,"column":8},"end":{"line":122,"column":54}},"34":{"start":{"line":125,"column":8},"end":{"line":125,"column":41}},"35":{"start":{"line":126,"column":8},"end":{"line":126,"column":41}},"36":{"start":{"line":127,"column":8},"end":{"line":127,"column":41}},"37":{"start":{"line":128,"column":8},"end":{"line":128,"column":53}},"38":{"start":{"line":129,"column":8},"end":{"line":129,"column":59}},"39":{"start":{"line":130,"column":8},"end":{"line":130,"column":47}},"40":{"start":{"line":139,"column":8},"end":{"line":139,"column":32}},"41":{"start":{"line":140,"column":8},"end":{"line":140,"column":28}},"42":{"start":{"line":141,"column":8},"end":{"line":141,"column":31}},"43":{"start":{"line":145,"column":8},"end":{"line":145,"column":57}},"44":{"start":{"line":146,"column":8},"end":{"line":146,"column":32}},"45":{"start":{"line":147,"column":8},"end":{"line":147,"column":37}},"46":{"start":{"line":148,"column":8},"end":{"line":148,"column":32}},"47":{"start":{"line":149,"column":8},"end":{"line":149,"column":28}},"48":{"start":{"line":154,"column":8},"end":{"line":154,"column":50}},"49":{"start":{"line":156,"column":8},"end":{"line":156,"column":57}},"50":{"start":{"line":158,"column":8},"end":{"line":158,"column":45}},"51":{"start":{"line":167,"column":12},"end":{"line":167,"column":62}},"52":{"start":{"line":168,"column":12},"end":{"line":168,"column":64}},"53":{"start":{"line":169,"column":12},"end":{"line":169,"column":63}},"54":{"start":{"line":171,"column":12},"end":{"line":171,"column":39}},"55":{"start":{"line":174,"column":12},"end":{"line":174,"column":6402}},"56":{"start":{"line":176,"column":16},"end":{"line":176,"column":58}},"57":{"start":{"line":177,"column":16},"end":{"line":177,"column":47}},"58":{"start":{"line":180,"column":16},"end":{"line":180,"column":69}},"59":{"start":{"line":183,"column":12},"end":{"line":183,"column":46}},"60":{"start":{"line":191,"column":9},"end":{"line":191,"column":39}},"61":{"start":{"line":201,"column":12},"end":{"line":201,"column":57}},"62":{"start":{"line":202,"column":12},"end":{"line":202,"column":67}},"63":{"start":{"line":204,"column":12},"end":{"line":204,"column":39}},"64":{"start":{"line":206,"column":12},"end":{"line":206,"column":60}},"65":{"start":{"line":208,"column":12},"end":{"line":208,"column":7578}},"66":{"start":{"line":210,"column":16},"end":{"line":210,"column":53}},"67":{"start":{"line":213,"column":12},"end":{"line":213,"column":57}},"68":{"start":{"line":221,"column":8},"end":{"line":221,"column":62}},"69":{"start":{"line":222,"column":8},"end":{"line":222,"column":44}},"70":{"start":{"line":223,"column":8},"end":{"line":223,"column":31}},"71":{"start":{"line":224,"column":8},"end":{"line":224,"column":49}},"72":{"start":{"line":225,"column":8},"end":{"line":225,"column":19}},"73":{"start":{"line":232,"column":8},"end":{"line":232,"column":58}},"74":{"start":{"line":233,"column":8},"end":{"line":233,"column":27}}},"branchMap":{"1":{"line":44,"type":"if","locations":[{"start":{"line":44,"column":8},"end":{"line":44,"column":8}},{"start":{"line":44,"column":8},"end":{"line":44,"column":8}}]},"2":{"line":47,"type":"if","locations":[{"start":{"line":47,"column":8},"end":{"line":47,"column":8}},{"start":{"line":47,"column":8},"end":{"line":47,"column":8}}]},"3":{"line":50,"type":"if","locations":[{"start":{"line":50,"column":8},"end":{"line":50,"column":8}},{"start":{"line":50,"column":8},"end":{"line":50,"column":8}}]},"4":{"line":53,"type":"if","locations":[{"start":{"line":53,"column":8},"end":{"line":53,"column":8}},{"start":{"line":53,"column":8},"end":{"line":53,"column":8}}]},"5":{"line":56,"type":"if","locations":[{"start":{"line":56,"column":8},"end":{"line":56,"column":8}},{"start":{"line":56,"column":8},"end":{"line":56,"column":8}}]},"6":{"line":66,"type":"if","locations":[{"start":{"line":66,"column":8},"end":{"line":66,"column":8}},{"start":{"line":66,"column":8},"end":{"line":66,"column":8}}]},"7":{"line":70,"type":"if","locations":[{"start":{"line":70,"column":12},"end":{"line":70,"column":12}},{"start":{"line":70,"column":12},"end":{"line":70,"column":12}}]},"8":{"line":86,"type":"if","locations":[{"start":{"line":86,"column":8},"end":{"line":86,"column":8}},{"start":{"line":86,"column":8},"end":{"line":86,"column":8}}]},"9":{"line":87,"type":"if","locations":[{"start":{"line":87,"column":8},"end":{"line":87,"column":8}},{"start":{"line":87,"column":8},"end":{"line":87,"column":8}}]},"10":{"line":88,"type":"if","locations":[{"start":{"line":88,"column":8},"end":{"line":88,"column":8}},{"start":{"line":88,"column":8},"end":{"line":88,"column":8}}]},"11":{"line":92,"type":"if","locations":[{"start":{"line":92,"column":8},"end":{"line":92,"column":8}},{"start":{"line":92,"column":8},"end":{"line":92,"column":8}}]},"12":{"line":96,"type":"if","locations":[{"start":{"line":96,"column":8},"end":{"line":96,"column":8}},{"start":{"line":96,"column":8},"end":{"line":96,"column":8}}]},"13":{"line":97,"type":"if","locations":[{"start":{"line":97,"column":12},"end":{"line":97,"column":12}},{"start":{"line":97,"column":12},"end":{"line":97,"column":12}}]},"14":{"line":103,"type":"if","locations":[{"start":{"line":103,"column":8},"end":{"line":103,"column":8}},{"start":{"line":103,"column":8},"end":{"line":103,"column":8}}]},"15":{"line":105,"type":"if","locations":[{"start":{"line":105,"column":8},"end":{"line":105,"column":8}},{"start":{"line":105,"column":8},"end":{"line":105,"column":8}}]},"16":{"line":109,"type":"if","locations":[{"start":{"line":109,"column":8},"end":{"line":109,"column":8}},{"start":{"line":109,"column":8},"end":{"line":109,"column":8}}]},"17":{"line":145,"type":"if","locations":[{"start":{"line":145,"column":8},"end":{"line":145,"column":8}},{"start":{"line":145,"column":8},"end":{"line":145,"column":8}}]},"18":{"line":146,"type":"if","locations":[{"start":{"line":146,"column":8},"end":{"line":146,"column":8}},{"start":{"line":146,"column":8},"end":{"line":146,"column":8}}]},"19":{"line":147,"type":"if","locations":[{"start":{"line":147,"column":8},"end":{"line":147,"column":8}},{"start":{"line":147,"column":8},"end":{"line":147,"column":8}}]},"20":{"line":154,"type":"if","locations":[{"start":{"line":154,"column":8},"end":{"line":154,"column":8}},{"start":{"line":154,"column":8},"end":{"line":154,"column":8}}]},"21":{"line":156,"type":"if","locations":[{"start":{"line":156,"column":8},"end":{"line":156,"column":8}},{"start":{"line":156,"column":8},"end":{"line":156,"column":8}}]},"22":{"line":171,"type":"if","locations":[{"start":{"line":171,"column":12},"end":{"line":171,"column":12}},{"start":{"line":171,"column":12},"end":{"line":171,"column":12}}]},"23":{"line":174,"type":"if","locations":[{"start":{"line":174,"column":12},"end":{"line":174,"column":12}},{"start":{"line":174,"column":12},"end":{"line":174,"column":12}}]},"24":{"line":204,"type":"if","locations":[{"start":{"line":204,"column":12},"end":{"line":204,"column":12}},{"start":{"line":204,"column":12},"end":{"line":204,"column":12}}]},"25":{"line":208,"type":"if","locations":[{"start":{"line":208,"column":12},"end":{"line":208,"column":12}},{"start":{"line":208,"column":12},"end":{"line":208,"column":12}}]},"26":{"line":232,"type":"if","locations":[{"start":{"line":232,"column":8},"end":{"line":232,"column":8}},{"start":{"line":232,"column":8},"end":{"line":232,"column":8}}]}}},"contracts/BigbomTokenSale.sol":{"l":{"30":1,"31":1,"32":1,"33":1,"34":1,"36":1,"37":1,"38":1,"39":1,"40":1,"41":1,"45":7,"49":4,"53":0,"54":0,"58":4,"61":4,"62":4,"63":3,"65":3,"70":4,"71":4,"72":4,"76":0,"82":2,"83":2,"87":0,"95":4,"96":4,"97":4,"99":4,"101":4,"102":4,"103":4,"104":3,"106":2,"108":2,"109":1,"111":1,"115":2,"116":2,"118":2,"120":2,"122":2,"123":2,"126":2,"128":2,"132":3,"138":2,"142":2,"144":2,"150":2,"151":1,"153":1,"154":0,"157":1,"158":1,"161":0,"167":1,"168":1},"path":"/Users/sun/Documents/git/bigbom/BigBomTokenSale/contracts/BigbomTokenSale.sol","s":{"1":1,"2":1,"3":1,"4":1,"5":1,"6":1,"7":1,"8":1,"9":1,"10":1,"11":1,"12":7,"13":4,"14":0,"15":0,"16":4,"17":4,"18":4,"19":1,"20":3,"21":3,"22":1,"23":2,"24":4,"25":4,"26":4,"27":0,"28":2,"29":2,"30":0,"31":4,"32":4,"33":4,"34":4,"35":4,"36":4,"37":4,"38":3,"39":2,"40":2,"41":1,"42":2,"43":2,"44":2,"45":2,"46":2,"47":2,"48":2,"49":2,"50":2,"51":2,"52":2,"53":1,"54":1,"55":0,"56":1,"57":1,"58":0,"59":1,"60":1},"b":{"1":[1,0],"2":[1,0],"3":[1,0],"4":[1,0],"5":[1,0],"6":[0,0],"7":[1,3],"8":[1,2],"9":[2,0],"10":[4,0],"11":[4,0],"12":[4,0],"13":[3,1],"14":[2,1],"15":[2,0],"16":[1,1],"17":[2,0],"18":[2,0],"19":[1,1],"20":[1,0],"21":[0,1],"22":[1,0],"23":[0,1],"24":[1,0]},"f":{"1":1,"2":7,"3":4,"4":0,"5":4,"6":4,"7":4,"8":0,"9":2,"10":4,"11":3,"12":2,"13":2,"14":1},"fnMap":{"1":{"name":"BigbomTokenSale","line":23,"loc":{"start":{"line":23,"column":4},"end":{"line":29,"column":5}}},"2":{"name":"saleEnded","line":44,"loc":{"start":{"line":44,"column":4},"end":{"line":44,"column":52}}},"3":{"name":"saleStarted","line":48,"loc":{"start":{"line":48,"column":4},"end":{"line":48,"column":54}}},"4":{"name":"setHaltSale","line":52,"loc":{"start":{"line":52,"column":4},"end":{"line":52,"column":42}}},"5":{"name":"contributorMinCap","line":57,"loc":{"start":{"line":57,"column":4},"end":{"line":57,"column":81}}},"6":{"name":"contributorMaxCap","line":60,"loc":{"start":{"line":60,"column":4},"end":{"line":60,"column":99}}},"7":{"name":"checkMaxCap","line":69,"loc":{"start":{"line":69,"column":4},"end":{"line":69,"column":86}}},"8":{"name":null,"line":75,"loc":{"start":{"line":75,"column":4},"end":{"line":75,"column":27}}},"9":{"name":"getBonus","line":81,"loc":{"start":{"line":81,"column":4},"end":{"line":81,"column":59}}},"10":{"name":"buy","line":92,"loc":{"start":{"line":92,"column":4},"end":{"line":92,"column":63}}},"11":{"name":"sendETHToMultiSig","line":131,"loc":{"start":{"line":131,"column":4},"end":{"line":131,"column":51}}},"12":{"name":"finalizeSale","line":137,"loc":{"start":{"line":137,"column":4},"end":{"line":137,"column":32}}},"13":{"name":"emergencyDrain","line":149,"loc":{"start":{"line":149,"column":4},"end":{"line":149,"column":61}}},"14":{"name":"debugBuy","line":166,"loc":{"start":{"line":166,"column":4},"end":{"line":166,"column":36}}}},"statementMap":{"1":{"start":{"line":30,"column":8},"end":{"line":30,"column":58}},"2":{"start":{"line":31,"column":8},"end":{"line":31,"column":39}},"3":{"start":{"line":32,"column":8},"end":{"line":32,"column":54}},"4":{"start":{"line":33,"column":8},"end":{"line":33,"column":52}},"5":{"start":{"line":34,"column":8},"end":{"line":34,"column":39}},"6":{"start":{"line":36,"column":8},"end":{"line":36,"column":21}},"7":{"start":{"line":37,"column":8},"end":{"line":37,"column":51}},"8":{"start":{"line":38,"column":8},"end":{"line":38,"column":33}},"9":{"start":{"line":39,"column":8},"end":{"line":39,"column":47}},"10":{"start":{"line":40,"column":8},"end":{"line":40,"column":43}},"11":{"start":{"line":41,"column":8},"end":{"line":41,"column":21}},"12":{"start":{"line":45,"column":8},"end":{"line":45,"column":36}},"13":{"start":{"line":49,"column":8},"end":{"line":49,"column":39}},"14":{"start":{"line":53,"column":8},"end":{"line":53,"column":37}},"15":{"start":{"line":54,"column":8},"end":{"line":54,"column":22}},"16":{"start":{"line":58,"column":8},"end":{"line":58,"column":44}},"17":{"start":{"line":61,"column":8},"end":{"line":61,"column":47}},"18":{"start":{"line":62,"column":8},"end":{"line":62,"column":31}},"19":{"start":{"line":62,"column":23},"end":{"line":62,"column":31}},"20":{"start":{"line":63,"column":8},"end":{"line":63,"column":64}},"21":{"start":{"line":65,"column":8},"end":{"line":65,"column":2406}},"22":{"start":{"line":65,"column":40},"end":{"line":65,"column":58}},"23":{"start":{"line":66,"column":13},"end":{"line":66,"column":31}},"24":{"start":{"line":70,"column":8},"end":{"line":70,"column":66}},"25":{"start":{"line":71,"column":8},"end":{"line":71,"column":74}},"26":{"start":{"line":72,"column":8},"end":{"line":72,"column":21}},"27":{"start":{"line":76,"column":8},"end":{"line":76,"column":24}},"28":{"start":{"line":82,"column":8},"end":{"line":82,"column":2882}},"29":{"start":{"line":83,"column":12},"end":{"line":83,"column":43}},"30":{"start":{"line":87,"column":12},"end":{"line":87,"column":20}},"31":{"start":{"line":95,"column":8},"end":{"line":95,"column":28}},"32":{"start":{"line":96,"column":8},"end":{"line":96,"column":31}},"33":{"start":{"line":97,"column":8},"end":{"line":97,"column":31}},"34":{"start":{"line":99,"column":8},"end":{"line":99,"column":49}},"35":{"start":{"line":101,"column":8},"end":{"line":101,"column":55}},"36":{"start":{"line":102,"column":8},"end":{"line":102,"column":34}},"37":{"start":{"line":103,"column":8},"end":{"line":103,"column":28}},"38":{"start":{"line":104,"column":8},"end":{"line":104,"column":28}},"39":{"start":{"line":106,"column":8},"end":{"line":106,"column":36}},"40":{"start":{"line":108,"column":8},"end":{"line":108,"column":3725}},"41":{"start":{"line":109,"column":12},"end":{"line":109,"column":30}},"42":{"start":{"line":115,"column":8},"end":{"line":115,"column":36}},"43":{"start":{"line":116,"column":8},"end":{"line":116,"column":46}},"44":{"start":{"line":118,"column":8},"end":{"line":118,"column":52}},"45":{"start":{"line":120,"column":8},"end":{"line":120,"column":44}},"46":{"start":{"line":122,"column":8},"end":{"line":122,"column":49}},"47":{"start":{"line":123,"column":8},"end":{"line":123,"column":60}},"48":{"start":{"line":126,"column":8},"end":{"line":126,"column":58}},"49":{"start":{"line":128,"column":8},"end":{"line":128,"column":24}},"50":{"start":{"line":138,"column":8},"end":{"line":138,"column":29}},"51":{"start":{"line":144,"column":8},"end":{"line":144,"column":21}},"52":{"start":{"line":150,"column":8},"end":{"line":150,"column":37}},"53":{"start":{"line":151,"column":8},"end":{"line":151,"column":29}},"54":{"start":{"line":153,"column":8},"end":{"line":153,"column":5082}},"55":{"start":{"line":154,"column":12},"end":{"line":154,"column":44}},"56":{"start":{"line":157,"column":8},"end":{"line":157,"column":5173}},"57":{"start":{"line":158,"column":12},"end":{"line":158,"column":86}},"58":{"start":{"line":161,"column":8},"end":{"line":161,"column":19}},"59":{"start":{"line":167,"column":8},"end":{"line":167,"column":31}},"60":{"start":{"line":168,"column":8},"end":{"line":168,"column":37}}},"branchMap":{"1":{"line":30,"type":"if","locations":[{"start":{"line":30,"column":8},"end":{"line":30,"column":8}},{"start":{"line":30,"column":8},"end":{"line":30,"column":8}}]},"2":{"line":31,"type":"if","locations":[{"start":{"line":31,"column":8},"end":{"line":31,"column":8}},{"start":{"line":31,"column":8},"end":{"line":31,"column":8}}]},"3":{"line":32,"type":"if","locations":[{"start":{"line":32,"column":8},"end":{"line":32,"column":8}},{"start":{"line":32,"column":8},"end":{"line":32,"column":8}}]},"4":{"line":33,"type":"if","locations":[{"start":{"line":33,"column":8},"end":{"line":33,"column":8}},{"start":{"line":33,"column":8},"end":{"line":33,"column":8}}]},"5":{"line":34,"type":"if","locations":[{"start":{"line":34,"column":8},"end":{"line":34,"column":8}},{"start":{"line":34,"column":8},"end":{"line":34,"column":8}}]},"6":{"line":53,"type":"if","locations":[{"start":{"line":53,"column":8},"end":{"line":53,"column":8}},{"start":{"line":53,"column":8},"end":{"line":53,"column":8}}]},"7":{"line":62,"type":"if","locations":[{"start":{"line":62,"column":8},"end":{"line":62,"column":8}},{"start":{"line":62,"column":8},"end":{"line":62,"column":8}}]},"8":{"line":65,"type":"if","locations":[{"start":{"line":65,"column":8},"end":{"line":65,"column":8}},{"start":{"line":65,"column":8},"end":{"line":65,"column":8}}]},"9":{"line":82,"type":"if","locations":[{"start":{"line":82,"column":8},"end":{"line":82,"column":8}},{"start":{"line":82,"column":8},"end":{"line":82,"column":8}}]},"10":{"line":95,"type":"if","locations":[{"start":{"line":95,"column":8},"end":{"line":95,"column":8}},{"start":{"line":95,"column":8},"end":{"line":95,"column":8}}]},"11":{"line":96,"type":"if","locations":[{"start":{"line":96,"column":8},"end":{"line":96,"column":8}},{"start":{"line":96,"column":8},"end":{"line":96,"column":8}}]},"12":{"line":97,"type":"if","locations":[{"start":{"line":97,"column":8},"end":{"line":97,"column":8}},{"start":{"line":97,"column":8},"end":{"line":97,"column":8}}]},"13":{"line":103,"type":"if","locations":[{"start":{"line":103,"column":8},"end":{"line":103,"column":8}},{"start":{"line":103,"column":8},"end":{"line":103,"column":8}}]},"14":{"line":104,"type":"if","locations":[{"start":{"line":104,"column":8},"end":{"line":104,"column":8}},{"start":{"line":104,"column":8},"end":{"line":104,"column":8}}]},"15":{"line":106,"type":"if","locations":[{"start":{"line":106,"column":8},"end":{"line":106,"column":8}},{"start":{"line":106,"column":8},"end":{"line":106,"column":8}}]},"16":{"line":108,"type":"if","locations":[{"start":{"line":108,"column":8},"end":{"line":108,"column":8}},{"start":{"line":108,"column":8},"end":{"line":108,"column":8}}]},"17":{"line":123,"type":"if","locations":[{"start":{"line":123,"column":8},"end":{"line":123,"column":8}},{"start":{"line":123,"column":8},"end":{"line":123,"column":8}}]},"18":{"line":138,"type":"if","locations":[{"start":{"line":138,"column":8},"end":{"line":138,"column":8}},{"start":{"line":138,"column":8},"end":{"line":138,"column":8}}]},"19":{"line":150,"type":"if","locations":[{"start":{"line":150,"column":8},"end":{"line":150,"column":8}},{"start":{"line":150,"column":8},"end":{"line":150,"column":8}}]},"20":{"line":151,"type":"if","locations":[{"start":{"line":151,"column":8},"end":{"line":151,"column":8}},{"start":{"line":151,"column":8},"end":{"line":151,"column":8}}]},"21":{"line":153,"type":"if","locations":[{"start":{"line":153,"column":8},"end":{"line":153,"column":8}},{"start":{"line":153,"column":8},"end":{"line":153,"column":8}}]},"22":{"line":157,"type":"if","locations":[{"start":{"line":157,"column":8},"end":{"line":157,"column":8}},{"start":{"line":157,"column":8},"end":{"line":157,"column":8}}]},"23":{"line":158,"type":"if","locations":[{"start":{"line":158,"column":12},"end":{"line":158,"column":12}},{"start":{"line":158,"column":12},"end":{"line":158,"column":12}}]},"24":{"line":167,"type":"if","locations":[{"start":{"line":167,"column":8},"end":{"line":167,"column":8}},{"start":{"line":167,"column":8},"end":{"line":167,"column":8}}]}}},"contracts/zeppelin/math/SafeMath.sol":{"l":{"14":4,"15":0,"17":4,"18":4,"19":4,"27":2,"29":2,"36":26,"37":24,"44":21,"45":21,"46":21},"path":"/Users/sun/Documents/git/bigbom/BigBomTokenSale/contracts/zeppelin/math/SafeMath.sol","s":{"1":4,"2":0,"3":4,"4":4,"5":4,"6":2,"7":2,"8":26,"9":24,"10":21,"11":21,"12":21},"b":{"1":[0,4],"2":[4,0],"3":[24,2],"4":[21,0]},"f":{"1":4,"2":2,"3":26,"4":21},"fnMap":{"1":{"name":"mul","line":13,"loc":{"start":{"line":13,"column":2},"end":{"line":13,"column":68}}},"2":{"name":"div","line":25,"loc":{"start":{"line":25,"column":2},"end":{"line":25,"column":68}}},"3":{"name":"sub","line":35,"loc":{"start":{"line":35,"column":2},"end":{"line":35,"column":68}}},"4":{"name":"add","line":43,"loc":{"start":{"line":43,"column":2},"end":{"line":43,"column":68}}}},"statementMap":{"1":{"start":{"line":14,"column":4},"end":{"line":14,"column":281}},"2":{"start":{"line":15,"column":6},"end":{"line":15,"column":14}},"3":{"start":{"line":17,"column":4},"end":{"line":17,"column":20}},"4":{"start":{"line":18,"column":4},"end":{"line":18,"column":21}},"5":{"start":{"line":19,"column":4},"end":{"line":19,"column":12}},"6":{"start":{"line":27,"column":4},"end":{"line":27,"column":20}},"7":{"start":{"line":29,"column":4},"end":{"line":29,"column":12}},"8":{"start":{"line":36,"column":4},"end":{"line":36,"column":17}},"9":{"start":{"line":37,"column":4},"end":{"line":37,"column":16}},"10":{"start":{"line":44,"column":4},"end":{"line":44,"column":20}},"11":{"start":{"line":45,"column":4},"end":{"line":45,"column":17}},"12":{"start":{"line":46,"column":4},"end":{"line":46,"column":12}}},"branchMap":{"1":{"line":14,"type":"if","locations":[{"start":{"line":14,"column":4},"end":{"line":14,"column":4}},{"start":{"line":14,"column":4},"end":{"line":14,"column":4}}]},"2":{"line":18,"type":"if","locations":[{"start":{"line":18,"column":4},"end":{"line":18,"column":4}},{"start":{"line":18,"column":4},"end":{"line":18,"column":4}}]},"3":{"line":36,"type":"if","locations":[{"start":{"line":36,"column":4},"end":{"line":36,"column":4}},{"start":{"line":36,"column":4},"end":{"line":36,"column":4}}]},"4":{"line":45,"type":"if","locations":[{"start":{"line":45,"column":4},"end":{"line":45,"column":4}},{"start":{"line":45,"column":4},"end":{"line":45,"column":4}}]}}},"contracts/zeppelin/ownership/Ownable.sol":{"l":{"18":8,"26":41,"27":33,"36":6,"37":6},"path":"/Users/sun/Documents/git/bigbom/BigBomTokenSale/contracts/zeppelin/ownership/Ownable.sol","s":{"1":8,"2":41,"3":6,"4":6},"b":{"1":[33,8],"2":[6,0]},"f":{"1":8,"2":41,"3":6},"fnMap":{"1":{"name":"Ownable","line":17,"loc":{"start":{"line":17,"column":2},"end":{"line":17,"column":27}}},"2":{"name":"onlyOwner","line":25,"loc":{"start":{"line":25,"column":2},"end":{"line":25,"column":22}}},"3":{"name":"transferOwnership","line":35,"loc":{"start":{"line":35,"column":2},"end":{"line":35,"column":63}}}},"statementMap":{"1":{"start":{"line":18,"column":4},"end":{"line":18,"column":21}},"2":{"start":{"line":26,"column":4},"end":{"line":26,"column":31}},"3":{"start":{"line":36,"column":4},"end":{"line":36,"column":818}},"4":{"start":{"line":37,"column":6},"end":{"line":37,"column":21}}},"branchMap":{"1":{"line":26,"type":"if","locations":[{"start":{"line":26,"column":4},"end":{"line":26,"column":4}},{"start":{"line":26,"column":4},"end":{"line":26,"column":4}}]},"2":{"line":36,"type":"if","locations":[{"start":{"line":36,"column":4},"end":{"line":36,"column":4}},{"start":{"line":36,"column":4},"end":{"line":36,"column":4}}]}}},"contracts/zeppelin/token/BasicToken.sol":{"l":{"23":13,"24":12,"25":12,"26":12,"35":15},"path":"/Users/sun/Documents/git/bigbom/BigBomTokenSale/contracts/zeppelin/token/BasicToken.sol","s":{"1":13,"2":12,"3":12,"4":12,"5":15},"b":{},"f":{"1":13,"2":15},"fnMap":{"1":{"name":"transfer","line":22,"loc":{"start":{"line":22,"column":2},"end":{"line":22,"column":70}}},"2":{"name":"balanceOf","line":34,"loc":{"start":{"line":34,"column":2},"end":{"line":34,"column":78}}}},"statementMap":{"1":{"start":{"line":23,"column":4},"end":{"line":23,"column":58}},"2":{"start":{"line":24,"column":4},"end":{"line":24,"column":44}},"3":{"start":{"line":25,"column":4},"end":{"line":25,"column":36}},"4":{"start":{"line":26,"column":4},"end":{"line":26,"column":15}},"5":{"start":{"line":35,"column":4},"end":{"line":35,"column":27}}},"branchMap":{}},"contracts/zeppelin/token/ERC20.sol":{"l":{},"path":"/Users/sun/Documents/git/bigbom/BigBomTokenSale/contracts/zeppelin/token/ERC20.sol","s":{},"b":{},"f":{},"fnMap":{},"statementMap":{},"branchMap":{}},"contracts/zeppelin/token/ERC20Basic.sol":{"l":{},"path":"/Users/sun/Documents/git/bigbom/BigBomTokenSale/contracts/zeppelin/token/ERC20Basic.sol","s":{},"b":{},"f":{},"fnMap":{},"statementMap":{},"branchMap":{}},"contracts/zeppelin/token/StandardToken.sol":{"l":{"27":1,"32":1,"33":1,"35":1,"36":1,"37":1,"51":3,"53":3,"54":3,"55":3,"65":1},"path":"/Users/sun/Documents/git/bigbom/BigBomTokenSale/contracts/zeppelin/token/StandardToken.sol","s":{"1":1,"2":1,"3":1,"4":1,"5":1,"6":1,"7":3,"8":3,"9":3,"10":3,"11":1},"b":{"1":[3,0]},"f":{"1":1,"2":3,"3":1},"fnMap":{"1":{"name":"transferFrom","line":26,"loc":{"start":{"line":26,"column":2},"end":{"line":26,"column":89}}},"2":{"name":"approve","line":45,"loc":{"start":{"line":45,"column":2},"end":{"line":45,"column":74}}},"3":{"name":"allowance","line":64,"loc":{"start":{"line":64,"column":2},"end":{"line":64,"column":98}}}},"statementMap":{"1":{"start":{"line":27,"column":4},"end":{"line":27,"column":47}},"2":{"start":{"line":32,"column":4},"end":{"line":32,"column":48}},"3":{"start":{"line":33,"column":4},"end":{"line":33,"column":44}},"4":{"start":{"line":35,"column":4},"end":{"line":35,"column":54}},"5":{"start":{"line":36,"column":4},"end":{"line":36,"column":31}},"6":{"start":{"line":37,"column":4},"end":{"line":37,"column":15}},"7":{"start":{"line":51,"column":4},"end":{"line":51,"column":65}},"8":{"start":{"line":53,"column":4},"end":{"line":53,"column":41}},"9":{"start":{"line":54,"column":4},"end":{"line":54,"column":41}},"10":{"start":{"line":55,"column":4},"end":{"line":55,"column":15}},"11":{"start":{"line":65,"column":4},"end":{"line":65,"column":36}}},"branchMap":{"1":{"line":51,"type":"if","locations":[{"start":{"line":51,"column":4},"end":{"line":51,"column":4}},{"start":{"line":51,"column":4},"end":{"line":51,"column":4}}]}}}}