{"contracts/BigbomContributorWhiteList.sol":{"l":{"16":8,"17":8,"19":8,"20":8,"21":8,"26":2,"27":2,"28":2,"29":6,"34":10,"37":4},"path":"/Users/tuongnguyen/Documents/tuongnguyen/BigBomTokenSale/contracts/BigbomContributorWhiteList.sol","s":{"1":8,"2":8,"3":8,"4":8,"5":8,"6":2,"7":2,"8":2,"9":6,"10":10,"11":4},"b":{"1":[8,0],"2":[8,0],"3":[2,0],"4":[2,0]},"f":{"1":2,"2":8,"3":2,"4":10,"5":4},"fnMap":{"1":{"name":"BigbomContributorWhiteList","line":9,"loc":{"start":{"line":9,"column":4},"end":{"line":9,"column":47}}},"2":{"name":"listAddress","line":15,"loc":{"start":{"line":15,"column":4},"end":{"line":15,"column":84}}},"3":{"name":"listAddresses","line":25,"loc":{"start":{"line":25,"column":4},"end":{"line":25,"column":94}}},"4":{"name":"getMinCap","line":33,"loc":{"start":{"line":33,"column":4},"end":{"line":33,"column":67}}},"5":{"name":"getMaxCap","line":36,"loc":{"start":{"line":36,"column":4},"end":{"line":36,"column":67}}}},"statementMap":{"1":{"start":{"line":16,"column":8},"end":{"line":16,"column":34}},"2":{"start":{"line":17,"column":8},"end":{"line":17,"column":37}},"3":{"start":{"line":19,"column":8},"end":{"line":19,"column":37}},"4":{"start":{"line":20,"column":8},"end":{"line":20,"column":37}},"5":{"start":{"line":21,"column":8},"end":{"line":21,"column":50}},"6":{"start":{"line":26,"column":8},"end":{"line":26,"column":48}},"7":{"start":{"line":27,"column":8},"end":{"line":27,"column":48}},"8":{"start":{"line":28,"column":8},"end":{"line":28,"column":1019}},"9":{"start":{"line":29,"column":12},"end":{"line":29,"column":59}},"10":{"start":{"line":34,"column":8},"end":{"line":34,"column":35}},"11":{"start":{"line":37,"column":8},"end":{"line":37,"column":35}}},"branchMap":{"1":{"line":16,"type":"if","locations":[{"start":{"line":16,"column":8},"end":{"line":16,"column":8}},{"start":{"line":16,"column":8},"end":{"line":16,"column":8}}]},"2":{"line":17,"type":"if","locations":[{"start":{"line":17,"column":8},"end":{"line":17,"column":8}},{"start":{"line":17,"column":8},"end":{"line":17,"column":8}}]},"3":{"line":26,"type":"if","locations":[{"start":{"line":26,"column":8},"end":{"line":26,"column":8}},{"start":{"line":26,"column":8},"end":{"line":26,"column":8}}]},"4":{"line":27,"type":"if","locations":[{"start":{"line":27,"column":8},"end":{"line":27,"column":8}},{"start":{"line":27,"column":8},"end":{"line":27,"column":8}}]}}},"contracts/BigbomPrivateSaleList.sol":{"l":{"15":5,"17":5,"18":5,"23":1,"24":1,"25":4,"30":2},"path":"/Users/tuongnguyen/Documents/tuongnguyen/BigBomTokenSale/contracts/BigbomPrivateSaleList.sol","s":{"1":5,"2":5,"3":5,"4":1,"5":1,"6":4,"7":2},"b":{"1":[5,0],"2":[1,0]},"f":{"1":2,"2":5,"3":1,"4":2},"fnMap":{"1":{"name":"BigbomPrivateSaleList","line":8,"loc":{"start":{"line":8,"column":4},"end":{"line":8,"column":42}}},"2":{"name":"listAddress","line":14,"loc":{"start":{"line":14,"column":4},"end":{"line":14,"column":70}}},"3":{"name":"listAddresses","line":22,"loc":{"start":{"line":22,"column":4},"end":{"line":22,"column":77}}},"4":{"name":"getCap","line":29,"loc":{"start":{"line":29,"column":4},"end":{"line":29,"column":64}}}},"statementMap":{"1":{"start":{"line":15,"column":8},"end":{"line":15,"column":37}},"2":{"start":{"line":17,"column":8},"end":{"line":17,"column":34}},"3":{"start":{"line":18,"column":8},"end":{"line":18,"column":41}},"4":{"start":{"line":23,"column":8},"end":{"line":23,"column":48}},"5":{"start":{"line":24,"column":8},"end":{"line":24,"column":775}},"6":{"start":{"line":25,"column":12},"end":{"line":25,"column":47}},"7":{"start":{"line":30,"column":8},"end":{"line":30,"column":32}}},"branchMap":{"1":{"line":15,"type":"if","locations":[{"start":{"line":15,"column":8},"end":{"line":15,"column":8}},{"start":{"line":15,"column":8},"end":{"line":15,"column":8}}]},"2":{"line":23,"type":"if","locations":[{"start":{"line":23,"column":8},"end":{"line":23,"column":8}},{"start":{"line":23,"column":8},"end":{"line":23,"column":8}}]}}},"contracts/BigBomToken.sol":{"l":{"44":4,"45":4,"46":4,"48":4,"49":0,"51":4,"52":0,"54":4,"55":0,"57":4,"58":0,"60":4,"65":3,"67":3,"69":2,"71":2,"73":1,"75":1,"77":1,"81":2,"82":2,"89":4,"91":2,"93":2,"95":1,"97":1,"99":2,"103":3,"104":3,"109":28,"110":26,"111":24,"112":23,"115":23,"116":22,"119":32,"120":2,"122":32,"125":0,"126":0,"127":0,"128":0,"131":1,"132":1,"143":4,"144":4,"145":4,"146":4,"147":4,"148":4,"149":4,"152":4,"153":4,"156":4,"157":4,"158":4,"159":4,"160":4,"161":4,"163":4,"164":4,"165":4,"169":2,"170":2,"171":0,"172":0,"173":0,"178":3,"180":3,"182":3,"190":19,"194":4,"195":4,"196":4,"198":4,"201":4,"203":1,"205":1,"206":1,"207":1,"210":3,"214":18,"223":0,"232":3,"236":0,"237":0,"239":0,"241":0,"243":0,"245":0,"248":3,"256":4,"257":3,"258":3,"259":3,"260":3,"267":0,"268":0,"272":1},"path":"/Users/tuongnguyen/Documents/tuongnguyen/BigBomTokenSale/contracts/BigBomToken.sol","s":{"1":4,"2":4,"3":4,"4":4,"5":0,"6":4,"7":0,"8":4,"9":0,"10":4,"11":0,"12":4,"13":3,"14":3,"15":2,"16":2,"17":1,"18":1,"19":1,"20":2,"21":2,"22":4,"23":2,"24":2,"25":1,"26":1,"27":2,"28":3,"29":3,"30":28,"31":26,"32":24,"33":23,"34":32,"35":2,"36":0,"37":0,"38":0,"39":1,"40":1,"41":4,"42":4,"43":4,"44":4,"45":4,"46":4,"47":4,"48":4,"49":4,"50":4,"51":4,"52":4,"53":4,"54":4,"55":4,"56":4,"57":4,"58":4,"59":2,"60":2,"61":0,"62":0,"63":0,"64":3,"65":3,"66":3,"67":19,"68":4,"69":4,"70":4,"71":4,"72":4,"73":1,"74":1,"75":1,"76":1,"77":3,"78":18,"79":0,"80":3,"81":0,"82":0,"83":0,"84":0,"85":0,"86":0,"87":3,"88":4,"89":3,"90":3,"91":3,"92":3,"93":0,"94":0},"b":{"1":[4,0],"2":[0,4],"3":[0,4],"4":[0,4],"5":[0,4],"6":[3,0],"7":[2,1],"8":[1,1],"9":[2,2],"10":[1,1],"11":[26,2],"12":[24,2],"13":[23,1],"14":[22,1],"15":[2,30],"16":[2,0],"17":[0,0],"18":[0,0],"19":[1,0],"20":[4,0],"21":[4,0],"22":[4,0],"23":[4,0],"24":[4,0],"25":[4,0],"26":[4,0],"27":[2,0],"28":[0,2],"29":[0,0],"30":[3,0],"31":[3,0],"32":[4,15],"33":[4,0],"34":[1,3],"35":[0,3],"36":[0,0],"37":[0,0],"38":[0,0]},"f":{"1":4,"2":3,"3":4,"4":28,"5":23,"6":32,"7":0,"8":1,"9":4,"10":2,"11":3,"12":19,"13":0,"14":3,"15":4,"16":0,"17":1},"fnMap":{"1":{"name":"checkMaxAllowed","line":43,"loc":{"start":{"line":43,"column":4},"end":{"line":43,"column":75}}},"2":{"name":"selfFreeze","line":63,"loc":{"start":{"line":63,"column":4},"end":{"line":63,"column":56}}},"3":{"name":"freezeAccount","line":86,"loc":{"start":{"line":86,"column":4},"end":{"line":86,"column":85}}},"4":{"name":"validDestination","line":108,"loc":{"start":{"line":108,"column":4},"end":{"line":108,"column":41}}},"5":{"name":"validFrom","line":114,"loc":{"start":{"line":114,"column":4},"end":{"line":114,"column":33}}},"6":{"name":"onlyWhenTransferEnabled","line":118,"loc":{"start":{"line":118,"column":4},"end":{"line":118,"column":36}}},"7":{"name":"onlyPrivateListEnabled","line":124,"loc":{"start":{"line":124,"column":4},"end":{"line":124,"column":45}}},"8":{"name":"setPrivateList","line":130,"loc":{"start":{"line":130,"column":4},"end":{"line":130,"column":84}}},"9":{"name":"BigbomToken","line":136,"loc":{"start":{"line":136,"column":4},"end":{"line":141,"column":18}}},"10":{"name":"setTimeSale","line":168,"loc":{"start":{"line":168,"column":4},"end":{"line":168,"column":69}}},"11":{"name":"setTokenSaleContract","line":176,"loc":{"start":{"line":176,"column":4},"end":{"line":176,"column":76}}},"12":{"name":"transfer","line":184,"loc":{"start":{"line":184,"column":4},"end":{"line":189,"column":24}}},"13":{"name":"transferPrivateSale","line":218,"loc":{"start":{"line":218,"column":4},"end":{"line":222,"column":24}}},"14":{"name":"transferFrom","line":226,"loc":{"start":{"line":226,"column":4},"end":{"line":231,"column":24}}},"15":{"name":"burn","line":253,"loc":{"start":{"line":253,"column":4},"end":{"line":255,"column":23}}},"16":{"name":"burnFrom","line":264,"loc":{"start":{"line":264,"column":4},"end":{"line":266,"column":24}}},"17":{"name":"emergencyERC20Drain","line":271,"loc":{"start":{"line":271,"column":4},"end":{"line":271,"column":75}}}},"statementMap":{"1":{"start":{"line":44,"column":8},"end":{"line":44,"column":41}},"2":{"start":{"line":45,"column":8},"end":{"line":45,"column":1824}},"3":{"start":{"line":46,"column":12},"end":{"line":46,"column":38}},"4":{"start":{"line":48,"column":8},"end":{"line":48,"column":1923}},"5":{"start":{"line":49,"column":12},"end":{"line":49,"column":38}},"6":{"start":{"line":51,"column":8},"end":{"line":51,"column":2013}},"7":{"start":{"line":52,"column":12},"end":{"line":52,"column":38}},"8":{"start":{"line":54,"column":8},"end":{"line":54,"column":2103}},"9":{"start":{"line":55,"column":12},"end":{"line":55,"column":38}},"10":{"start":{"line":57,"column":8},"end":{"line":57,"column":2199}},"11":{"start":{"line":58,"column":12},"end":{"line":58,"column":37}},"12":{"start":{"line":60,"column":8},"end":{"line":60,"column":24}},"13":{"start":{"line":65,"column":8},"end":{"line":65,"column":41}},"14":{"start":{"line":67,"column":8},"end":{"line":67,"column":2495}},"15":{"start":{"line":69,"column":12},"end":{"line":69,"column":54}},"16":{"start":{"line":71,"column":12},"end":{"line":71,"column":41}},"17":{"start":{"line":73,"column":12},"end":{"line":73,"column":45}},"18":{"start":{"line":75,"column":12},"end":{"line":75,"column":23}},"19":{"start":{"line":77,"column":12},"end":{"line":77,"column":45}},"20":{"start":{"line":81,"column":8},"end":{"line":81,"column":46}},"21":{"start":{"line":82,"column":8},"end":{"line":82,"column":48}},"22":{"start":{"line":89,"column":8},"end":{"line":89,"column":3219}},"23":{"start":{"line":91,"column":12},"end":{"line":91,"column":50}},"24":{"start":{"line":93,"column":12},"end":{"line":93,"column":41}},"25":{"start":{"line":95,"column":12},"end":{"line":95,"column":41}},"26":{"start":{"line":97,"column":12},"end":{"line":97,"column":23}},"27":{"start":{"line":99,"column":12},"end":{"line":99,"column":41}},"28":{"start":{"line":103,"column":8},"end":{"line":103,"column":42}},"29":{"start":{"line":104,"column":8},"end":{"line":104,"column":44}},"30":{"start":{"line":109,"column":8},"end":{"line":109,"column":34}},"31":{"start":{"line":110,"column":8},"end":{"line":110,"column":36}},"32":{"start":{"line":111,"column":8},"end":{"line":111,"column":34}},"33":{"start":{"line":115,"column":8},"end":{"line":115,"column":36}},"34":{"start":{"line":119,"column":8},"end":{"line":119,"column":4215}},"35":{"start":{"line":120,"column":12},"end":{"line":120,"column":53}},"36":{"start":{"line":125,"column":8},"end":{"line":125,"column":36}},"37":{"start":{"line":126,"column":8},"end":{"line":126,"column":50}},"38":{"start":{"line":127,"column":8},"end":{"line":127,"column":29}},"39":{"start":{"line":131,"column":8},"end":{"line":131,"column":48}},"40":{"start":{"line":132,"column":8},"end":{"line":132,"column":41}},"41":{"start":{"line":143,"column":8},"end":{"line":143,"column":35}},"42":{"start":{"line":144,"column":8},"end":{"line":144,"column":46}},"43":{"start":{"line":145,"column":8},"end":{"line":145,"column":46}},"44":{"start":{"line":146,"column":8},"end":{"line":146,"column":46}},"45":{"start":{"line":147,"column":8},"end":{"line":147,"column":52}},"46":{"start":{"line":148,"column":8},"end":{"line":148,"column":55}},"47":{"start":{"line":149,"column":8},"end":{"line":149,"column":49}},"48":{"start":{"line":152,"column":8},"end":{"line":152,"column":41}},"49":{"start":{"line":153,"column":8},"end":{"line":153,"column":54}},"50":{"start":{"line":156,"column":8},"end":{"line":156,"column":41}},"51":{"start":{"line":157,"column":8},"end":{"line":157,"column":41}},"52":{"start":{"line":158,"column":8},"end":{"line":158,"column":41}},"53":{"start":{"line":159,"column":8},"end":{"line":159,"column":53}},"54":{"start":{"line":160,"column":8},"end":{"line":160,"column":59}},"55":{"start":{"line":161,"column":8},"end":{"line":161,"column":47}},"56":{"start":{"line":163,"column":8},"end":{"line":163,"column":32}},"57":{"start":{"line":164,"column":8},"end":{"line":164,"column":28}},"58":{"start":{"line":165,"column":8},"end":{"line":165,"column":31}},"59":{"start":{"line":169,"column":8},"end":{"line":169,"column":57}},"60":{"start":{"line":170,"column":8},"end":{"line":170,"column":32}},"61":{"start":{"line":171,"column":8},"end":{"line":171,"column":37}},"62":{"start":{"line":172,"column":8},"end":{"line":172,"column":32}},"63":{"start":{"line":173,"column":8},"end":{"line":173,"column":28}},"64":{"start":{"line":178,"column":8},"end":{"line":178,"column":50}},"65":{"start":{"line":180,"column":8},"end":{"line":180,"column":57}},"66":{"start":{"line":182,"column":8},"end":{"line":182,"column":45}},"67":{"start":{"line":190,"column":8},"end":{"line":190,"column":6908}},"68":{"start":{"line":194,"column":12},"end":{"line":194,"column":62}},"69":{"start":{"line":195,"column":12},"end":{"line":195,"column":64}},"70":{"start":{"line":196,"column":12},"end":{"line":196,"column":63}},"71":{"start":{"line":198,"column":12},"end":{"line":198,"column":39}},"72":{"start":{"line":201,"column":12},"end":{"line":201,"column":7573}},"73":{"start":{"line":203,"column":16},"end":{"line":203,"column":60}},"74":{"start":{"line":205,"column":16},"end":{"line":205,"column":42}},"75":{"start":{"line":206,"column":16},"end":{"line":206,"column":47}},"76":{"start":{"line":207,"column":16},"end":{"line":207,"column":33}},"77":{"start":{"line":210,"column":16},"end":{"line":210,"column":86}},"78":{"start":{"line":214,"column":8},"end":{"line":214,"column":43}},"79":{"start":{"line":223,"column":9},"end":{"line":223,"column":39}},"80":{"start":{"line":232,"column":13},"end":{"line":232,"column":8550}},"81":{"start":{"line":236,"column":16},"end":{"line":236,"column":61}},"82":{"start":{"line":237,"column":16},"end":{"line":237,"column":71}},"83":{"start":{"line":239,"column":16},"end":{"line":239,"column":43}},"84":{"start":{"line":241,"column":16},"end":{"line":241,"column":64}},"85":{"start":{"line":243,"column":16},"end":{"line":243,"column":9101}},"86":{"start":{"line":245,"column":20},"end":{"line":245,"column":57}},"87":{"start":{"line":248,"column":12},"end":{"line":248,"column":57}},"88":{"start":{"line":256,"column":8},"end":{"line":256,"column":62}},"89":{"start":{"line":257,"column":8},"end":{"line":257,"column":44}},"90":{"start":{"line":258,"column":8},"end":{"line":258,"column":31}},"91":{"start":{"line":259,"column":8},"end":{"line":259,"column":49}},"92":{"start":{"line":260,"column":8},"end":{"line":260,"column":19}},"93":{"start":{"line":267,"column":8},"end":{"line":267,"column":58}},"94":{"start":{"line":268,"column":8},"end":{"line":268,"column":27}}},"branchMap":{"1":{"line":45,"type":"if","locations":[{"start":{"line":45,"column":8},"end":{"line":45,"column":8}},{"start":{"line":45,"column":8},"end":{"line":45,"column":8}}]},"2":{"line":48,"type":"if","locations":[{"start":{"line":48,"column":8},"end":{"line":48,"column":8}},{"start":{"line":48,"column":8},"end":{"line":48,"column":8}}]},"3":{"line":51,"type":"if","locations":[{"start":{"line":51,"column":8},"end":{"line":51,"column":8}},{"start":{"line":51,"column":8},"end":{"line":51,"column":8}}]},"4":{"line":54,"type":"if","locations":[{"start":{"line":54,"column":8},"end":{"line":54,"column":8}},{"start":{"line":54,"column":8},"end":{"line":54,"column":8}}]},"5":{"line":57,"type":"if","locations":[{"start":{"line":57,"column":8},"end":{"line":57,"column":8}},{"start":{"line":57,"column":8},"end":{"line":57,"column":8}}]},"6":{"line":65,"type":"if","locations":[{"start":{"line":65,"column":8},"end":{"line":65,"column":8}},{"start":{"line":65,"column":8},"end":{"line":65,"column":8}}]},"7":{"line":67,"type":"if","locations":[{"start":{"line":67,"column":8},"end":{"line":67,"column":8}},{"start":{"line":67,"column":8},"end":{"line":67,"column":8}}]},"8":{"line":71,"type":"if","locations":[{"start":{"line":71,"column":12},"end":{"line":71,"column":12}},{"start":{"line":71,"column":12},"end":{"line":71,"column":12}}]},"9":{"line":89,"type":"if","locations":[{"start":{"line":89,"column":8},"end":{"line":89,"column":8}},{"start":{"line":89,"column":8},"end":{"line":89,"column":8}}]},"10":{"line":93,"type":"if","locations":[{"start":{"line":93,"column":12},"end":{"line":93,"column":12}},{"start":{"line":93,"column":12},"end":{"line":93,"column":12}}]},"11":{"line":109,"type":"if","locations":[{"start":{"line":109,"column":8},"end":{"line":109,"column":8}},{"start":{"line":109,"column":8},"end":{"line":109,"column":8}}]},"12":{"line":110,"type":"if","locations":[{"start":{"line":110,"column":8},"end":{"line":110,"column":8}},{"start":{"line":110,"column":8},"end":{"line":110,"column":8}}]},"13":{"line":111,"type":"if","locations":[{"start":{"line":111,"column":8},"end":{"line":111,"column":8}},{"start":{"line":111,"column":8},"end":{"line":111,"column":8}}]},"14":{"line":115,"type":"if","locations":[{"start":{"line":115,"column":8},"end":{"line":115,"column":8}},{"start":{"line":115,"column":8},"end":{"line":115,"column":8}}]},"15":{"line":119,"type":"if","locations":[{"start":{"line":119,"column":8},"end":{"line":119,"column":8}},{"start":{"line":119,"column":8},"end":{"line":119,"column":8}}]},"16":{"line":120,"type":"if","locations":[{"start":{"line":120,"column":12},"end":{"line":120,"column":12}},{"start":{"line":120,"column":12},"end":{"line":120,"column":12}}]},"17":{"line":125,"type":"if","locations":[{"start":{"line":125,"column":8},"end":{"line":125,"column":8}},{"start":{"line":125,"column":8},"end":{"line":125,"column":8}}]},"18":{"line":127,"type":"if","locations":[{"start":{"line":127,"column":8},"end":{"line":127,"column":8}},{"start":{"line":127,"column":8},"end":{"line":127,"column":8}}]},"19":{"line":131,"type":"if","locations":[{"start":{"line":131,"column":8},"end":{"line":131,"column":8}},{"start":{"line":131,"column":8},"end":{"line":131,"column":8}}]},"20":{"line":143,"type":"if","locations":[{"start":{"line":143,"column":8},"end":{"line":143,"column":8}},{"start":{"line":143,"column":8},"end":{"line":143,"column":8}}]},"21":{"line":144,"type":"if","locations":[{"start":{"line":144,"column":8},"end":{"line":144,"column":8}},{"start":{"line":144,"column":8},"end":{"line":144,"column":8}}]},"22":{"line":145,"type":"if","locations":[{"start":{"line":145,"column":8},"end":{"line":145,"column":8}},{"start":{"line":145,"column":8},"end":{"line":145,"column":8}}]},"23":{"line":146,"type":"if","locations":[{"start":{"line":146,"column":8},"end":{"line":146,"column":8}},{"start":{"line":146,"column":8},"end":{"line":146,"column":8}}]},"24":{"line":147,"type":"if","locations":[{"start":{"line":147,"column":8},"end":{"line":147,"column":8}},{"start":{"line":147,"column":8},"end":{"line":147,"column":8}}]},"25":{"line":148,"type":"if","locations":[{"start":{"line":148,"column":8},"end":{"line":148,"column":8}},{"start":{"line":148,"column":8},"end":{"line":148,"column":8}}]},"26":{"line":149,"type":"if","locations":[{"start":{"line":149,"column":8},"end":{"line":149,"column":8}},{"start":{"line":149,"column":8},"end":{"line":149,"column":8}}]},"27":{"line":169,"type":"if","locations":[{"start":{"line":169,"column":8},"end":{"line":169,"column":8}},{"start":{"line":169,"column":8},"end":{"line":169,"column":8}}]},"28":{"line":170,"type":"if","locations":[{"start":{"line":170,"column":8},"end":{"line":170,"column":8}},{"start":{"line":170,"column":8},"end":{"line":170,"column":8}}]},"29":{"line":171,"type":"if","locations":[{"start":{"line":171,"column":8},"end":{"line":171,"column":8}},{"start":{"line":171,"column":8},"end":{"line":171,"column":8}}]},"30":{"line":178,"type":"if","locations":[{"start":{"line":178,"column":8},"end":{"line":178,"column":8}},{"start":{"line":178,"column":8},"end":{"line":178,"column":8}}]},"31":{"line":180,"type":"if","locations":[{"start":{"line":180,"column":8},"end":{"line":180,"column":8}},{"start":{"line":180,"column":8},"end":{"line":180,"column":8}}]},"32":{"line":190,"type":"if","locations":[{"start":{"line":190,"column":8},"end":{"line":190,"column":8}},{"start":{"line":190,"column":8},"end":{"line":190,"column":8}}]},"33":{"line":198,"type":"if","locations":[{"start":{"line":198,"column":12},"end":{"line":198,"column":12}},{"start":{"line":198,"column":12},"end":{"line":198,"column":12}}]},"34":{"line":201,"type":"if","locations":[{"start":{"line":201,"column":12},"end":{"line":201,"column":12}},{"start":{"line":201,"column":12},"end":{"line":201,"column":12}}]},"35":{"line":232,"type":"if","locations":[{"start":{"line":232,"column":13},"end":{"line":232,"column":13}},{"start":{"line":232,"column":13},"end":{"line":232,"column":13}}]},"36":{"line":239,"type":"if","locations":[{"start":{"line":239,"column":16},"end":{"line":239,"column":16}},{"start":{"line":239,"column":16},"end":{"line":239,"column":16}}]},"37":{"line":243,"type":"if","locations":[{"start":{"line":243,"column":16},"end":{"line":243,"column":16}},{"start":{"line":243,"column":16},"end":{"line":243,"column":16}}]},"38":{"line":267,"type":"if","locations":[{"start":{"line":267,"column":8},"end":{"line":267,"column":8}},{"start":{"line":267,"column":8},"end":{"line":267,"column":8}}]}}},"contracts/BigbomTokenSale.sol":{"l":{"30":1,"31":1,"32":1,"33":1,"34":1,"36":1,"37":1,"38":1,"39":1,"40":1,"41":1,"45":7,"49":4,"53":0,"54":0,"58":4,"61":4,"62":4,"63":3,"65":3,"70":4,"71":4,"72":4,"76":0,"82":2,"83":2,"87":0,"95":4,"96":4,"97":4,"99":4,"101":4,"102":4,"103":4,"104":3,"106":2,"108":2,"109":1,"111":1,"115":2,"116":2,"118":2,"120":2,"122":2,"123":2,"126":2,"128":2,"132":3,"138":2,"142":2,"144":2,"150":2,"151":1,"153":1,"154":0,"157":1,"158":1,"161":0,"167":1,"168":1},"path":"/Users/tuongnguyen/Documents/tuongnguyen/BigBomTokenSale/contracts/BigbomTokenSale.sol","s":{"1":1,"2":1,"3":1,"4":1,"5":1,"6":1,"7":1,"8":1,"9":1,"10":1,"11":1,"12":7,"13":4,"14":0,"15":0,"16":4,"17":4,"18":4,"19":1,"20":3,"21":3,"22":1,"23":2,"24":4,"25":4,"26":4,"27":0,"28":2,"29":2,"30":0,"31":4,"32":4,"33":4,"34":4,"35":4,"36":4,"37":4,"38":3,"39":2,"40":2,"41":1,"42":2,"43":2,"44":2,"45":2,"46":2,"47":2,"48":2,"49":2,"50":2,"51":2,"52":2,"53":1,"54":1,"55":0,"56":1,"57":1,"58":0,"59":1,"60":1},"b":{"1":[1,0],"2":[1,0],"3":[1,0],"4":[1,0],"5":[1,0],"6":[0,0],"7":[1,3],"8":[1,2],"9":[2,0],"10":[4,0],"11":[4,0],"12":[4,0],"13":[3,1],"14":[2,1],"15":[2,0],"16":[1,1],"17":[2,0],"18":[2,0],"19":[1,1],"20":[1,0],"21":[0,1],"22":[1,0],"23":[0,1],"24":[1,0]},"f":{"1":1,"2":7,"3":4,"4":0,"5":4,"6":4,"7":4,"8":0,"9":2,"10":4,"11":3,"12":2,"13":2,"14":1},"fnMap":{"1":{"name":"BigbomTokenSale","line":23,"loc":{"start":{"line":23,"column":4},"end":{"line":29,"column":5}}},"2":{"name":"saleEnded","line":44,"loc":{"start":{"line":44,"column":4},"end":{"line":44,"column":52}}},"3":{"name":"saleStarted","line":48,"loc":{"start":{"line":48,"column":4},"end":{"line":48,"column":54}}},"4":{"name":"setHaltSale","line":52,"loc":{"start":{"line":52,"column":4},"end":{"line":52,"column":42}}},"5":{"name":"contributorMinCap","line":57,"loc":{"start":{"line":57,"column":4},"end":{"line":57,"column":81}}},"6":{"name":"contributorMaxCap","line":60,"loc":{"start":{"line":60,"column":4},"end":{"line":60,"column":99}}},"7":{"name":"checkMaxCap","line":69,"loc":{"start":{"line":69,"column":4},"end":{"line":69,"column":86}}},"8":{"name":null,"line":75,"loc":{"start":{"line":75,"column":4},"end":{"line":75,"column":27}}},"9":{"name":"getBonus","line":81,"loc":{"start":{"line":81,"column":4},"end":{"line":81,"column":59}}},"10":{"name":"buy","line":92,"loc":{"start":{"line":92,"column":4},"end":{"line":92,"column":63}}},"11":{"name":"sendETHToMultiSig","line":131,"loc":{"start":{"line":131,"column":4},"end":{"line":131,"column":51}}},"12":{"name":"finalizeSale","line":137,"loc":{"start":{"line":137,"column":4},"end":{"line":137,"column":32}}},"13":{"name":"emergencyDrain","line":149,"loc":{"start":{"line":149,"column":4},"end":{"line":149,"column":61}}},"14":{"name":"debugBuy","line":166,"loc":{"start":{"line":166,"column":4},"end":{"line":166,"column":36}}}},"statementMap":{"1":{"start":{"line":30,"column":8},"end":{"line":30,"column":58}},"2":{"start":{"line":31,"column":8},"end":{"line":31,"column":39}},"3":{"start":{"line":32,"column":8},"end":{"line":32,"column":54}},"4":{"start":{"line":33,"column":8},"end":{"line":33,"column":52}},"5":{"start":{"line":34,"column":8},"end":{"line":34,"column":39}},"6":{"start":{"line":36,"column":8},"end":{"line":36,"column":21}},"7":{"start":{"line":37,"column":8},"end":{"line":37,"column":51}},"8":{"start":{"line":38,"column":8},"end":{"line":38,"column":33}},"9":{"start":{"line":39,"column":8},"end":{"line":39,"column":47}},"10":{"start":{"line":40,"column":8},"end":{"line":40,"column":43}},"11":{"start":{"line":41,"column":8},"end":{"line":41,"column":21}},"12":{"start":{"line":45,"column":8},"end":{"line":45,"column":36}},"13":{"start":{"line":49,"column":8},"end":{"line":49,"column":39}},"14":{"start":{"line":53,"column":8},"end":{"line":53,"column":37}},"15":{"start":{"line":54,"column":8},"end":{"line":54,"column":22}},"16":{"start":{"line":58,"column":8},"end":{"line":58,"column":44}},"17":{"start":{"line":61,"column":8},"end":{"line":61,"column":47}},"18":{"start":{"line":62,"column":8},"end":{"line":62,"column":31}},"19":{"start":{"line":62,"column":23},"end":{"line":62,"column":31}},"20":{"start":{"line":63,"column":8},"end":{"line":63,"column":64}},"21":{"start":{"line":65,"column":8},"end":{"line":65,"column":2406}},"22":{"start":{"line":65,"column":40},"end":{"line":65,"column":58}},"23":{"start":{"line":66,"column":13},"end":{"line":66,"column":31}},"24":{"start":{"line":70,"column":8},"end":{"line":70,"column":66}},"25":{"start":{"line":71,"column":8},"end":{"line":71,"column":74}},"26":{"start":{"line":72,"column":8},"end":{"line":72,"column":21}},"27":{"start":{"line":76,"column":8},"end":{"line":76,"column":24}},"28":{"start":{"line":82,"column":8},"end":{"line":82,"column":2882}},"29":{"start":{"line":83,"column":12},"end":{"line":83,"column":43}},"30":{"start":{"line":87,"column":12},"end":{"line":87,"column":20}},"31":{"start":{"line":95,"column":8},"end":{"line":95,"column":28}},"32":{"start":{"line":96,"column":8},"end":{"line":96,"column":31}},"33":{"start":{"line":97,"column":8},"end":{"line":97,"column":31}},"34":{"start":{"line":99,"column":8},"end":{"line":99,"column":49}},"35":{"start":{"line":101,"column":8},"end":{"line":101,"column":55}},"36":{"start":{"line":102,"column":8},"end":{"line":102,"column":34}},"37":{"start":{"line":103,"column":8},"end":{"line":103,"column":28}},"38":{"start":{"line":104,"column":8},"end":{"line":104,"column":28}},"39":{"start":{"line":106,"column":8},"end":{"line":106,"column":36}},"40":{"start":{"line":108,"column":8},"end":{"line":108,"column":3725}},"41":{"start":{"line":109,"column":12},"end":{"line":109,"column":30}},"42":{"start":{"line":115,"column":8},"end":{"line":115,"column":36}},"43":{"start":{"line":116,"column":8},"end":{"line":116,"column":46}},"44":{"start":{"line":118,"column":8},"end":{"line":118,"column":52}},"45":{"start":{"line":120,"column":8},"end":{"line":120,"column":44}},"46":{"start":{"line":122,"column":8},"end":{"line":122,"column":49}},"47":{"start":{"line":123,"column":8},"end":{"line":123,"column":60}},"48":{"start":{"line":126,"column":8},"end":{"line":126,"column":58}},"49":{"start":{"line":128,"column":8},"end":{"line":128,"column":24}},"50":{"start":{"line":138,"column":8},"end":{"line":138,"column":29}},"51":{"start":{"line":144,"column":8},"end":{"line":144,"column":21}},"52":{"start":{"line":150,"column":8},"end":{"line":150,"column":37}},"53":{"start":{"line":151,"column":8},"end":{"line":151,"column":29}},"54":{"start":{"line":153,"column":8},"end":{"line":153,"column":5082}},"55":{"start":{"line":154,"column":12},"end":{"line":154,"column":44}},"56":{"start":{"line":157,"column":8},"end":{"line":157,"column":5173}},"57":{"start":{"line":158,"column":12},"end":{"line":158,"column":86}},"58":{"start":{"line":161,"column":8},"end":{"line":161,"column":19}},"59":{"start":{"line":167,"column":8},"end":{"line":167,"column":31}},"60":{"start":{"line":168,"column":8},"end":{"line":168,"column":37}}},"branchMap":{"1":{"line":30,"type":"if","locations":[{"start":{"line":30,"column":8},"end":{"line":30,"column":8}},{"start":{"line":30,"column":8},"end":{"line":30,"column":8}}]},"2":{"line":31,"type":"if","locations":[{"start":{"line":31,"column":8},"end":{"line":31,"column":8}},{"start":{"line":31,"column":8},"end":{"line":31,"column":8}}]},"3":{"line":32,"type":"if","locations":[{"start":{"line":32,"column":8},"end":{"line":32,"column":8}},{"start":{"line":32,"column":8},"end":{"line":32,"column":8}}]},"4":{"line":33,"type":"if","locations":[{"start":{"line":33,"column":8},"end":{"line":33,"column":8}},{"start":{"line":33,"column":8},"end":{"line":33,"column":8}}]},"5":{"line":34,"type":"if","locations":[{"start":{"line":34,"column":8},"end":{"line":34,"column":8}},{"start":{"line":34,"column":8},"end":{"line":34,"column":8}}]},"6":{"line":53,"type":"if","locations":[{"start":{"line":53,"column":8},"end":{"line":53,"column":8}},{"start":{"line":53,"column":8},"end":{"line":53,"column":8}}]},"7":{"line":62,"type":"if","locations":[{"start":{"line":62,"column":8},"end":{"line":62,"column":8}},{"start":{"line":62,"column":8},"end":{"line":62,"column":8}}]},"8":{"line":65,"type":"if","locations":[{"start":{"line":65,"column":8},"end":{"line":65,"column":8}},{"start":{"line":65,"column":8},"end":{"line":65,"column":8}}]},"9":{"line":82,"type":"if","locations":[{"start":{"line":82,"column":8},"end":{"line":82,"column":8}},{"start":{"line":82,"column":8},"end":{"line":82,"column":8}}]},"10":{"line":95,"type":"if","locations":[{"start":{"line":95,"column":8},"end":{"line":95,"column":8}},{"start":{"line":95,"column":8},"end":{"line":95,"column":8}}]},"11":{"line":96,"type":"if","locations":[{"start":{"line":96,"column":8},"end":{"line":96,"column":8}},{"start":{"line":96,"column":8},"end":{"line":96,"column":8}}]},"12":{"line":97,"type":"if","locations":[{"start":{"line":97,"column":8},"end":{"line":97,"column":8}},{"start":{"line":97,"column":8},"end":{"line":97,"column":8}}]},"13":{"line":103,"type":"if","locations":[{"start":{"line":103,"column":8},"end":{"line":103,"column":8}},{"start":{"line":103,"column":8},"end":{"line":103,"column":8}}]},"14":{"line":104,"type":"if","locations":[{"start":{"line":104,"column":8},"end":{"line":104,"column":8}},{"start":{"line":104,"column":8},"end":{"line":104,"column":8}}]},"15":{"line":106,"type":"if","locations":[{"start":{"line":106,"column":8},"end":{"line":106,"column":8}},{"start":{"line":106,"column":8},"end":{"line":106,"column":8}}]},"16":{"line":108,"type":"if","locations":[{"start":{"line":108,"column":8},"end":{"line":108,"column":8}},{"start":{"line":108,"column":8},"end":{"line":108,"column":8}}]},"17":{"line":123,"type":"if","locations":[{"start":{"line":123,"column":8},"end":{"line":123,"column":8}},{"start":{"line":123,"column":8},"end":{"line":123,"column":8}}]},"18":{"line":138,"type":"if","locations":[{"start":{"line":138,"column":8},"end":{"line":138,"column":8}},{"start":{"line":138,"column":8},"end":{"line":138,"column":8}}]},"19":{"line":150,"type":"if","locations":[{"start":{"line":150,"column":8},"end":{"line":150,"column":8}},{"start":{"line":150,"column":8},"end":{"line":150,"column":8}}]},"20":{"line":151,"type":"if","locations":[{"start":{"line":151,"column":8},"end":{"line":151,"column":8}},{"start":{"line":151,"column":8},"end":{"line":151,"column":8}}]},"21":{"line":153,"type":"if","locations":[{"start":{"line":153,"column":8},"end":{"line":153,"column":8}},{"start":{"line":153,"column":8},"end":{"line":153,"column":8}}]},"22":{"line":157,"type":"if","locations":[{"start":{"line":157,"column":8},"end":{"line":157,"column":8}},{"start":{"line":157,"column":8},"end":{"line":157,"column":8}}]},"23":{"line":158,"type":"if","locations":[{"start":{"line":158,"column":12},"end":{"line":158,"column":12}},{"start":{"line":158,"column":12},"end":{"line":158,"column":12}}]},"24":{"line":167,"type":"if","locations":[{"start":{"line":167,"column":8},"end":{"line":167,"column":8}},{"start":{"line":167,"column":8},"end":{"line":167,"column":8}}]}}},"contracts/zeppelin/math/SafeMath.sol":{"l":{"14":4,"15":0,"17":4,"18":4,"19":4,"27":2,"29":2,"36":35,"37":32,"44":31,"45":31,"46":31},"path":"/Users/tuongnguyen/Documents/tuongnguyen/BigBomTokenSale/contracts/zeppelin/math/SafeMath.sol","s":{"1":4,"2":0,"3":4,"4":4,"5":4,"6":2,"7":2,"8":35,"9":32,"10":31,"11":31,"12":31},"b":{"1":[0,4],"2":[4,0],"3":[32,3],"4":[31,0]},"f":{"1":4,"2":2,"3":35,"4":31},"fnMap":{"1":{"name":"mul","line":13,"loc":{"start":{"line":13,"column":2},"end":{"line":13,"column":68}}},"2":{"name":"div","line":25,"loc":{"start":{"line":25,"column":2},"end":{"line":25,"column":68}}},"3":{"name":"sub","line":35,"loc":{"start":{"line":35,"column":2},"end":{"line":35,"column":68}}},"4":{"name":"add","line":43,"loc":{"start":{"line":43,"column":2},"end":{"line":43,"column":68}}}},"statementMap":{"1":{"start":{"line":14,"column":4},"end":{"line":14,"column":281}},"2":{"start":{"line":15,"column":6},"end":{"line":15,"column":14}},"3":{"start":{"line":17,"column":4},"end":{"line":17,"column":20}},"4":{"start":{"line":18,"column":4},"end":{"line":18,"column":21}},"5":{"start":{"line":19,"column":4},"end":{"line":19,"column":12}},"6":{"start":{"line":27,"column":4},"end":{"line":27,"column":20}},"7":{"start":{"line":29,"column":4},"end":{"line":29,"column":12}},"8":{"start":{"line":36,"column":4},"end":{"line":36,"column":17}},"9":{"start":{"line":37,"column":4},"end":{"line":37,"column":16}},"10":{"start":{"line":44,"column":4},"end":{"line":44,"column":20}},"11":{"start":{"line":45,"column":4},"end":{"line":45,"column":17}},"12":{"start":{"line":46,"column":4},"end":{"line":46,"column":12}}},"branchMap":{"1":{"line":14,"type":"if","locations":[{"start":{"line":14,"column":4},"end":{"line":14,"column":4}},{"start":{"line":14,"column":4},"end":{"line":14,"column":4}}]},"2":{"line":18,"type":"if","locations":[{"start":{"line":18,"column":4},"end":{"line":18,"column":4}},{"start":{"line":18,"column":4},"end":{"line":18,"column":4}}]},"3":{"line":36,"type":"if","locations":[{"start":{"line":36,"column":4},"end":{"line":36,"column":4}},{"start":{"line":36,"column":4},"end":{"line":36,"column":4}}]},"4":{"line":45,"type":"if","locations":[{"start":{"line":45,"column":4},"end":{"line":45,"column":4}},{"start":{"line":45,"column":4},"end":{"line":45,"column":4}}]}}},"contracts/zeppelin/ownership/Ownable.sol":{"l":{"18":8,"26":40,"27":33,"36":6,"37":6},"path":"/Users/tuongnguyen/Documents/tuongnguyen/BigBomTokenSale/contracts/zeppelin/ownership/Ownable.sol","s":{"1":8,"2":40,"3":6,"4":6},"b":{"1":[33,7],"2":[6,0]},"f":{"1":8,"2":40,"3":6},"fnMap":{"1":{"name":"Ownable","line":17,"loc":{"start":{"line":17,"column":2},"end":{"line":17,"column":27}}},"2":{"name":"onlyOwner","line":25,"loc":{"start":{"line":25,"column":2},"end":{"line":25,"column":22}}},"3":{"name":"transferOwnership","line":35,"loc":{"start":{"line":35,"column":2},"end":{"line":35,"column":63}}}},"statementMap":{"1":{"start":{"line":18,"column":4},"end":{"line":18,"column":21}},"2":{"start":{"line":26,"column":4},"end":{"line":26,"column":31}},"3":{"start":{"line":36,"column":4},"end":{"line":36,"column":818}},"4":{"start":{"line":37,"column":6},"end":{"line":37,"column":21}}},"branchMap":{"1":{"line":26,"type":"if","locations":[{"start":{"line":26,"column":4},"end":{"line":26,"column":4}},{"start":{"line":26,"column":4},"end":{"line":26,"column":4}}]},"2":{"line":36,"type":"if","locations":[{"start":{"line":36,"column":4},"end":{"line":36,"column":4}},{"start":{"line":36,"column":4},"end":{"line":36,"column":4}}]}}},"contracts/zeppelin/token/BasicToken.sol":{"l":{"23":19,"24":18,"25":18,"26":18,"35":21},"path":"/Users/tuongnguyen/Documents/tuongnguyen/BigBomTokenSale/contracts/zeppelin/token/BasicToken.sol","s":{"1":19,"2":18,"3":18,"4":18,"5":21},"b":{},"f":{"1":19,"2":21},"fnMap":{"1":{"name":"transfer","line":22,"loc":{"start":{"line":22,"column":2},"end":{"line":22,"column":70}}},"2":{"name":"balanceOf","line":34,"loc":{"start":{"line":34,"column":2},"end":{"line":34,"column":78}}}},"statementMap":{"1":{"start":{"line":23,"column":4},"end":{"line":23,"column":58}},"2":{"start":{"line":24,"column":4},"end":{"line":24,"column":44}},"3":{"start":{"line":25,"column":4},"end":{"line":25,"column":36}},"4":{"start":{"line":26,"column":4},"end":{"line":26,"column":15}},"5":{"start":{"line":35,"column":4},"end":{"line":35,"column":27}}},"branchMap":{}},"contracts/zeppelin/token/ERC20.sol":{"l":{},"path":"/Users/tuongnguyen/Documents/tuongnguyen/BigBomTokenSale/contracts/zeppelin/token/ERC20.sol","s":{},"b":{},"f":{},"fnMap":{},"statementMap":{},"branchMap":{}},"contracts/zeppelin/token/ERC20Basic.sol":{"l":{},"path":"/Users/tuongnguyen/Documents/tuongnguyen/BigBomTokenSale/contracts/zeppelin/token/ERC20Basic.sol","s":{},"b":{},"f":{},"fnMap":{},"statementMap":{},"branchMap":{}},"contracts/zeppelin/token/StandardToken.sol":{"l":{"27":3,"32":3,"33":2,"35":2,"36":2,"37":2,"51":2,"53":2,"54":2,"55":2,"65":1},"path":"/Users/tuongnguyen/Documents/tuongnguyen/BigBomTokenSale/contracts/zeppelin/token/StandardToken.sol","s":{"1":3,"2":3,"3":2,"4":2,"5":2,"6":2,"7":2,"8":2,"9":2,"10":2,"11":1},"b":{"1":[2,0]},"f":{"1":3,"2":2,"3":1},"fnMap":{"1":{"name":"transferFrom","line":26,"loc":{"start":{"line":26,"column":2},"end":{"line":26,"column":89}}},"2":{"name":"approve","line":45,"loc":{"start":{"line":45,"column":2},"end":{"line":45,"column":74}}},"3":{"name":"allowance","line":64,"loc":{"start":{"line":64,"column":2},"end":{"line":64,"column":98}}}},"statementMap":{"1":{"start":{"line":27,"column":4},"end":{"line":27,"column":47}},"2":{"start":{"line":32,"column":4},"end":{"line":32,"column":48}},"3":{"start":{"line":33,"column":4},"end":{"line":33,"column":44}},"4":{"start":{"line":35,"column":4},"end":{"line":35,"column":54}},"5":{"start":{"line":36,"column":4},"end":{"line":36,"column":31}},"6":{"start":{"line":37,"column":4},"end":{"line":37,"column":15}},"7":{"start":{"line":51,"column":4},"end":{"line":51,"column":65}},"8":{"start":{"line":53,"column":4},"end":{"line":53,"column":41}},"9":{"start":{"line":54,"column":4},"end":{"line":54,"column":41}},"10":{"start":{"line":55,"column":4},"end":{"line":55,"column":15}},"11":{"start":{"line":65,"column":4},"end":{"line":65,"column":36}}},"branchMap":{"1":{"line":51,"type":"if","locations":[{"start":{"line":51,"column":4},"end":{"line":51,"column":4}},{"start":{"line":51,"column":4},"end":{"line":51,"column":4}}]}}}}