TN:
SF:/Users/tuongnguyen/Documents/tuongnguyen/BigBomTokenSale/contracts/BigbomContributorWhiteList.sol
FN:9,BigbomContributorWhiteList
FN:15,listAddress
FN:25,listAddresses
FN:33,getMinCap
FN:36,getMaxCap
FNF:5
FNH:5
FNDA:2,BigbomContributorWhiteList
FNDA:8,listAddress
FNDA:2,listAddresses
FNDA:10,getMinCap
FNDA:4,getMaxCap
DA:16,8
DA:17,8
DA:19,8
DA:20,8
DA:21,8
DA:26,2
DA:27,2
DA:28,2
DA:29,6
DA:34,10
DA:37,4
LF:11
LH:11
BRDA:16,1,0,8
BRDA:16,1,1,0
BRDA:17,2,0,8
BRDA:17,2,1,0
BRDA:26,3,0,2
BRDA:26,3,1,0
BRDA:27,4,0,2
BRDA:27,4,1,0
BRF:8
BRH:4
end_of_record
TN:
SF:/Users/tuongnguyen/Documents/tuongnguyen/BigBomTokenSale/contracts/BigbomPrivateSaleList.sol
FN:8,BigbomPrivateSaleList
FN:14,listAddress
FN:22,listAddresses
FN:29,getCap
FNF:4
FNH:4
FNDA:2,BigbomPrivateSaleList
FNDA:5,listAddress
FNDA:1,listAddresses
FNDA:2,getCap
DA:15,5
DA:17,5
DA:18,5
DA:23,1
DA:24,1
DA:25,4
DA:30,2
LF:7
LH:7
BRDA:15,1,0,5
BRDA:15,1,1,0
BRDA:23,2,0,1
BRDA:23,2,1,0
BRF:4
BRH:2
end_of_record
TN:
SF:/Users/tuongnguyen/Documents/tuongnguyen/BigBomTokenSale/contracts/BigBomToken.sol
FN:43,checkMaxAllowed
FN:63,selfFreeze
FN:86,freezeAccount
FN:108,validDestination
FN:114,validFrom
FN:118,onlyWhenTransferEnabled
FN:124,onlyPrivateListEnabled
FN:130,setPrivateList
FN:136,BigbomToken
FN:168,setTimeSale
FN:176,setTokenSaleContract
FN:184,transfer
FN:218,transferPrivateSale
FN:226,transferFrom
FN:253,burn
FN:264,burnFrom
FN:271,emergencyERC20Drain
FNF:17
FNH:14
FNDA:4,checkMaxAllowed
FNDA:3,selfFreeze
FNDA:4,freezeAccount
FNDA:28,validDestination
FNDA:23,validFrom
FNDA:32,onlyWhenTransferEnabled
FNDA:0,onlyPrivateListEnabled
FNDA:1,setPrivateList
FNDA:4,BigbomToken
FNDA:2,setTimeSale
FNDA:3,setTokenSaleContract
FNDA:19,transfer
FNDA:0,transferPrivateSale
FNDA:3,transferFrom
FNDA:4,burn
FNDA:0,burnFrom
FNDA:1,emergencyERC20Drain
DA:44,4
DA:45,4
DA:46,4
DA:48,4
DA:49,0
DA:51,4
DA:52,0
DA:54,4
DA:55,0
DA:57,4
DA:58,0
DA:60,4
DA:65,3
DA:67,3
DA:69,2
DA:71,2
DA:73,1
DA:75,1
DA:77,1
DA:81,2
DA:82,2
DA:89,4
DA:91,2
DA:93,2
DA:95,1
DA:97,1
DA:99,2
DA:103,3
DA:104,3
DA:109,28
DA:110,26
DA:111,24
DA:112,23
DA:115,23
DA:116,22
DA:119,32
DA:120,2
DA:122,32
DA:125,0
DA:126,0
DA:127,0
DA:128,0
DA:131,1
DA:132,1
DA:143,4
DA:144,4
DA:145,4
DA:146,4
DA:147,4
DA:148,4
DA:149,4
DA:152,4
DA:153,4
DA:156,4
DA:157,4
DA:158,4
DA:159,4
DA:160,4
DA:161,4
DA:163,4
DA:164,4
DA:165,4
DA:169,2
DA:170,2
DA:171,0
DA:172,0
DA:173,0
DA:178,3
DA:180,3
DA:182,3
DA:190,19
DA:194,4
DA:195,4
DA:196,4
DA:198,4
DA:201,4
DA:203,1
DA:205,1
DA:206,1
DA:207,1
DA:210,3
DA:214,18
DA:223,0
DA:232,3
DA:236,0
DA:237,0
DA:239,0
DA:241,0
DA:243,0
DA:245,0
DA:248,3
DA:256,4
DA:257,3
DA:258,3
DA:259,3
DA:260,3
DA:267,0
DA:268,0
DA:272,1
LF:99
LH:79
BRDA:45,1,0,4
BRDA:45,1,1,0
BRDA:48,2,0,0
BRDA:48,2,1,4
BRDA:51,3,0,0
BRDA:51,3,1,4
BRDA:54,4,0,0
BRDA:54,4,1,4
BRDA:57,5,0,0
BRDA:57,5,1,4
BRDA:65,6,0,3
BRDA:65,6,1,0
BRDA:67,7,0,2
BRDA:67,7,1,1
BRDA:71,8,0,1
BRDA:71,8,1,1
BRDA:89,9,0,2
BRDA:89,9,1,2
BRDA:93,10,0,1
BRDA:93,10,1,1
BRDA:109,11,0,26
BRDA:109,11,1,2
BRDA:110,12,0,24
BRDA:110,12,1,2
BRDA:111,13,0,23
BRDA:111,13,1,1
BRDA:115,14,0,22
BRDA:115,14,1,1
BRDA:119,15,0,2
BRDA:119,15,1,30
BRDA:120,16,0,2
BRDA:120,16,1,0
BRDA:125,17,0,0
BRDA:125,17,1,0
BRDA:127,18,0,0
BRDA:127,18,1,0
BRDA:131,19,0,1
BRDA:131,19,1,0
BRDA:143,20,0,4
BRDA:143,20,1,0
BRDA:144,21,0,4
BRDA:144,21,1,0
BRDA:145,22,0,4
BRDA:145,22,1,0
BRDA:146,23,0,4
BRDA:146,23,1,0
BRDA:147,24,0,4
BRDA:147,24,1,0
BRDA:148,25,0,4
BRDA:148,25,1,0
BRDA:149,26,0,4
BRDA:149,26,1,0
BRDA:169,27,0,2
BRDA:169,27,1,0
BRDA:170,28,0,0
BRDA:170,28,1,2
BRDA:171,29,0,0
BRDA:171,29,1,0
BRDA:178,30,0,3
BRDA:178,30,1,0
BRDA:180,31,0,3
BRDA:180,31,1,0
BRDA:190,32,0,4
BRDA:190,32,1,15
BRDA:198,33,0,4
BRDA:198,33,1,0
BRDA:201,34,0,1
BRDA:201,34,1,3
BRDA:232,35,0,0
BRDA:232,35,1,3
BRDA:239,36,0,0
BRDA:239,36,1,0
BRDA:243,37,0,0
BRDA:243,37,1,0
BRDA:267,38,0,0
BRDA:267,38,1,0
BRF:76
BRH:43
end_of_record
TN:
SF:/Users/tuongnguyen/Documents/tuongnguyen/BigBomTokenSale/contracts/BigbomTokenSale.sol
FN:23,BigbomTokenSale
FN:44,saleEnded
FN:48,saleStarted
FN:52,setHaltSale
FN:57,contributorMinCap
FN:60,contributorMaxCap
FN:69,checkMaxCap
FN:75,
FN:81,getBonus
FN:92,buy
FN:131,sendETHToMultiSig
FN:137,finalizeSale
FN:149,emergencyDrain
FN:166,debugBuy
FNF:14
FNH:12
FNDA:1,BigbomTokenSale
FNDA:7,saleEnded
FNDA:4,saleStarted
FNDA:0,setHaltSale
FNDA:4,contributorMinCap
FNDA:4,contributorMaxCap
FNDA:4,checkMaxCap
FNDA:0,
FNDA:2,getBonus
FNDA:4,buy
FNDA:3,sendETHToMultiSig
FNDA:2,finalizeSale
FNDA:2,emergencyDrain
FNDA:1,debugBuy
DA:30,1
DA:31,1
DA:32,1
DA:33,1
DA:34,1
DA:36,1
DA:37,1
DA:38,1
DA:39,1
DA:40,1
DA:41,1
DA:45,7
DA:49,4
DA:53,0
DA:54,0
DA:58,4
DA:61,4
DA:62,4
DA:63,3
DA:65,3
DA:70,4
DA:71,4
DA:72,4
DA:76,0
DA:82,2
DA:83,2
DA:87,0
DA:95,4
DA:96,4
DA:97,4
DA:99,4
DA:101,4
DA:102,4
DA:103,4
DA:104,3
DA:106,2
DA:108,2
DA:109,1
DA:111,1
DA:115,2
DA:116,2
DA:118,2
DA:120,2
DA:122,2
DA:123,2
DA:126,2
DA:128,2
DA:132,3
DA:138,2
DA:142,2
DA:144,2
DA:150,2
DA:151,1
DA:153,1
DA:154,0
DA:157,1
DA:158,1
DA:161,0
DA:167,1
DA:168,1
LF:60
LH:54
BRDA:30,1,0,1
BRDA:30,1,1,0
BRDA:31,2,0,1
BRDA:31,2,1,0
BRDA:32,3,0,1
BRDA:32,3,1,0
BRDA:33,4,0,1
BRDA:33,4,1,0
BRDA:34,5,0,1
BRDA:34,5,1,0
BRDA:53,6,0,0
BRDA:53,6,1,0
BRDA:62,7,0,1
BRDA:62,7,1,3
BRDA:65,8,0,1
BRDA:65,8,1,2
BRDA:82,9,0,2
BRDA:82,9,1,0
BRDA:95,10,0,4
BRDA:95,10,1,0
BRDA:96,11,0,4
BRDA:96,11,1,0
BRDA:97,12,0,4
BRDA:97,12,1,0
BRDA:103,13,0,3
BRDA:103,13,1,1
BRDA:104,14,0,2
BRDA:104,14,1,1
BRDA:106,15,0,2
BRDA:106,15,1,0
BRDA:108,16,0,1
BRDA:108,16,1,1
BRDA:123,17,0,2
BRDA:123,17,1,0
BRDA:138,18,0,2
BRDA:138,18,1,0
BRDA:150,19,0,1
BRDA:150,19,1,1
BRDA:151,20,0,1
BRDA:151,20,1,0
BRDA:153,21,0,0
BRDA:153,21,1,1
BRDA:157,22,0,1
BRDA:157,22,1,0
BRDA:158,23,0,0
BRDA:158,23,1,1
BRDA:167,24,0,1
BRDA:167,24,1,0
BRF:48
BRH:29
end_of_record
TN:
SF:/Users/tuongnguyen/Documents/tuongnguyen/BigBomTokenSale/contracts/zeppelin/math/SafeMath.sol
FN:13,mul
FN:25,div
FN:35,sub
FN:43,add
FNF:4
FNH:4
FNDA:4,mul
FNDA:2,div
FNDA:35,sub
FNDA:31,add
DA:14,4
DA:15,0
DA:17,4
DA:18,4
DA:19,4
DA:27,2
DA:29,2
DA:36,35
DA:37,32
DA:44,31
DA:45,31
DA:46,31
LF:12
LH:11
BRDA:14,1,0,0
BRDA:14,1,1,4
BRDA:18,2,0,4
BRDA:18,2,1,0
BRDA:36,3,0,32
BRDA:36,3,1,3
BRDA:45,4,0,31
BRDA:45,4,1,0
BRF:8
BRH:5
end_of_record
TN:
SF:/Users/tuongnguyen/Documents/tuongnguyen/BigBomTokenSale/contracts/zeppelin/ownership/Ownable.sol
FN:17,Ownable
FN:25,onlyOwner
FN:35,transferOwnership
FNF:3
FNH:3
FNDA:8,Ownable
FNDA:40,onlyOwner
FNDA:6,transferOwnership
DA:18,8
DA:26,40
DA:27,33
DA:36,6
DA:37,6
LF:5
LH:5
BRDA:26,1,0,33
BRDA:26,1,1,7
BRDA:36,2,0,6
BRDA:36,2,1,0
BRF:4
BRH:3
end_of_record
TN:
SF:/Users/tuongnguyen/Documents/tuongnguyen/BigBomTokenSale/contracts/zeppelin/token/BasicToken.sol
FN:22,transfer
FN:34,balanceOf
FNF:2
FNH:2
FNDA:19,transfer
FNDA:21,balanceOf
DA:23,19
DA:24,18
DA:25,18
DA:26,18
DA:35,21
LF:5
LH:5
BRF:0
BRH:0
end_of_record
TN:
SF:/Users/tuongnguyen/Documents/tuongnguyen/BigBomTokenSale/contracts/zeppelin/token/ERC20.sol
FNF:0
FNH:0
LF:0
LH:0
BRF:0
BRH:0
end_of_record
TN:
SF:/Users/tuongnguyen/Documents/tuongnguyen/BigBomTokenSale/contracts/zeppelin/token/ERC20Basic.sol
FNF:0
FNH:0
LF:0
LH:0
BRF:0
BRH:0
end_of_record
TN:
SF:/Users/tuongnguyen/Documents/tuongnguyen/BigBomTokenSale/contracts/zeppelin/token/StandardToken.sol
FN:26,transferFrom
FN:45,approve
FN:64,allowance
FNF:3
FNH:3
FNDA:3,transferFrom
FNDA:2,approve
FNDA:1,allowance
DA:27,3
DA:32,3
DA:33,2
DA:35,2
DA:36,2
DA:37,2
DA:51,2
DA:53,2
DA:54,2
DA:55,2
DA:65,1
LF:11
LH:11
BRDA:51,1,0,2
BRDA:51,1,1,0
BRF:2
BRH:1
end_of_record
