TN:
SF:/Users/sun/Documents/git/bigbom/BigBomTokenSale/contracts/BigbomContributorWhiteList.sol
FN:9,BigbomContributorWhiteList
FN:15,listAddress
FN:25,listAddresses
FN:33,getMinCap
FN:36,getMaxCap
FNF:5
FNH:5
FNDA:2,BigbomContributorWhiteList
FNDA:8,listAddress
FNDA:2,listAddresses
FNDA:10,getMinCap
FNDA:4,getMaxCap
DA:16,8
DA:17,8
DA:19,8
DA:20,8
DA:21,8
DA:26,2
DA:27,2
DA:28,2
DA:29,6
DA:34,10
DA:37,4
LF:11
LH:11
BRDA:16,1,0,8
BRDA:16,1,1,0
BRDA:17,2,0,8
BRDA:17,2,1,0
BRDA:26,3,0,2
BRDA:26,3,1,0
BRDA:27,4,0,2
BRDA:27,4,1,0
BRF:8
BRH:4
end_of_record
TN:
SF:/Users/sun/Documents/git/bigbom/BigBomTokenSale/contracts/BigbomPrivateSaleList.sol
FN:8,BigbomPrivateSaleList
FN:14,listAddress
FN:22,listAddresses
FN:29,getCap
FNF:4
FNH:4
FNDA:2,BigbomPrivateSaleList
FNDA:5,listAddress
FNDA:1,listAddresses
FNDA:2,getCap
DA:15,5
DA:17,5
DA:18,5
DA:23,1
DA:24,1
DA:25,4
DA:30,2
LF:7
LH:7
BRDA:15,1,0,5
BRDA:15,1,1,0
BRDA:23,2,0,1
BRDA:23,2,1,0
BRF:4
BRH:2
end_of_record
TN:
SF:/Users/sun/Documents/git/bigbom/BigBomTokenSale/contracts/BigBomToken.sol
FN:42,checkMaxAllowed
FN:63,freezeAccount
FN:85,validDestination
FN:91,validFrom
FN:95,onlyWhenTransferEnabled
FN:102,onlyPrivateListEnabled
FN:108,setPrivateList
FN:114,BigbomToken
FN:144,setTimeSale
FN:152,setTokenSaleContract
FN:160,transfer
FN:186,transferPrivateSale
FN:194,transferFrom
FN:218,burn
FN:229,burnFrom
FN:236,emergencyERC20Drain
FNF:16
FNH:13
FNDA:18,checkMaxAllowed
FNDA:4,freezeAccount
FNDA:22,validDestination
FNDA:17,validFrom
FNDA:26,onlyWhenTransferEnabled
FNDA:0,onlyPrivateListEnabled
FNDA:1,setPrivateList
FNDA:4,BigbomToken
FNDA:2,setTimeSale
FNDA:3,setTokenSaleContract
FNDA:14,transfer
FNDA:0,transferPrivateSale
FNDA:3,transferFrom
FNDA:4,burn
FNDA:0,burnFrom
FNDA:1,emergencyERC20Drain
DA:43,18
DA:44,18
DA:45,2
DA:47,18
DA:48,2
DA:50,18
DA:51,2
DA:53,18
DA:54,2
DA:56,18
DA:57,2
DA:59,18
DA:66,4
DA:68,2
DA:70,2
DA:72,1
DA:74,1
DA:76,2
DA:80,3
DA:81,3
DA:86,22
DA:87,20
DA:88,18
DA:89,17
DA:92,17
DA:93,17
DA:96,26
DA:97,2
DA:100,26
DA:103,0
DA:104,0
DA:105,0
DA:106,0
DA:109,1
DA:110,1
DA:121,4
DA:122,4
DA:125,4
DA:126,4
DA:127,4
DA:128,4
DA:129,4
DA:130,4
DA:139,4
DA:140,4
DA:141,4
DA:145,2
DA:146,2
DA:147,0
DA:148,0
DA:149,0
DA:154,3
DA:156,3
DA:158,3
DA:167,14
DA:168,14
DA:169,14
DA:171,14
DA:174,14
DA:176,1
DA:177,0
DA:180,13
DA:183,13
DA:191,0
DA:201,3
DA:202,3
DA:204,3
DA:206,1
DA:208,1
DA:210,0
DA:213,1
DA:221,4
DA:222,3
DA:223,3
DA:224,3
DA:225,3
DA:232,0
DA:233,0
DA:237,1
LF:79
LH:67
BRDA:44,1,0,2
BRDA:44,1,1,16
BRDA:47,2,0,2
BRDA:47,2,1,16
BRDA:50,3,0,2
BRDA:50,3,1,16
BRDA:53,4,0,2
BRDA:53,4,1,16
BRDA:56,5,0,2
BRDA:56,5,1,16
BRDA:66,6,0,2
BRDA:66,6,1,2
BRDA:70,7,0,1
BRDA:70,7,1,1
BRDA:86,8,0,20
BRDA:86,8,1,2
BRDA:87,9,0,18
BRDA:87,9,1,2
BRDA:88,10,0,17
BRDA:88,10,1,1
BRDA:92,11,0,17
BRDA:92,11,1,0
BRDA:96,12,0,2
BRDA:96,12,1,24
BRDA:97,13,0,2
BRDA:97,13,1,0
BRDA:103,14,0,0
BRDA:103,14,1,0
BRDA:105,15,0,0
BRDA:105,15,1,0
BRDA:109,16,0,1
BRDA:109,16,1,0
BRDA:145,17,0,2
BRDA:145,17,1,0
BRDA:146,18,0,0
BRDA:146,18,1,2
BRDA:147,19,0,0
BRDA:147,19,1,0
BRDA:154,20,0,3
BRDA:154,20,1,0
BRDA:156,21,0,3
BRDA:156,21,1,0
BRDA:171,22,0,14
BRDA:171,22,1,0
BRDA:174,23,0,1
BRDA:174,23,1,13
BRDA:204,24,0,1
BRDA:204,24,1,2
BRDA:208,25,0,0
BRDA:208,25,1,1
BRDA:232,26,0,0
BRDA:232,26,1,0
BRF:52
BRH:35
end_of_record
TN:
SF:/Users/sun/Documents/git/bigbom/BigBomTokenSale/contracts/BigbomTokenSale.sol
FN:23,BigbomTokenSale
FN:44,saleEnded
FN:48,saleStarted
FN:52,setHaltSale
FN:57,contributorMinCap
FN:60,contributorMaxCap
FN:69,checkMaxCap
FN:75,
FN:81,getBonus
FN:92,buy
FN:131,sendETHToMultiSig
FN:137,finalizeSale
FN:149,emergencyDrain
FN:166,debugBuy
FNF:14
FNH:12
FNDA:1,BigbomTokenSale
FNDA:7,saleEnded
FNDA:4,saleStarted
FNDA:0,setHaltSale
FNDA:4,contributorMinCap
FNDA:4,contributorMaxCap
FNDA:4,checkMaxCap
FNDA:0,
FNDA:2,getBonus
FNDA:4,buy
FNDA:3,sendETHToMultiSig
FNDA:2,finalizeSale
FNDA:2,emergencyDrain
FNDA:1,debugBuy
DA:30,1
DA:31,1
DA:32,1
DA:33,1
DA:34,1
DA:36,1
DA:37,1
DA:38,1
DA:39,1
DA:40,1
DA:41,1
DA:45,7
DA:49,4
DA:53,0
DA:54,0
DA:58,4
DA:61,4
DA:62,4
DA:63,3
DA:65,3
DA:70,4
DA:71,4
DA:72,4
DA:76,0
DA:82,2
DA:83,2
DA:87,0
DA:95,4
DA:96,4
DA:97,4
DA:99,4
DA:101,4
DA:102,4
DA:103,4
DA:104,3
DA:106,2
DA:108,2
DA:109,1
DA:111,1
DA:115,2
DA:116,2
DA:118,2
DA:120,2
DA:122,2
DA:123,2
DA:126,2
DA:128,2
DA:132,3
DA:138,2
DA:142,2
DA:144,2
DA:150,2
DA:151,1
DA:153,1
DA:154,0
DA:157,1
DA:158,1
DA:161,0
DA:167,1
DA:168,1
LF:60
LH:54
BRDA:30,1,0,1
BRDA:30,1,1,0
BRDA:31,2,0,1
BRDA:31,2,1,0
BRDA:32,3,0,1
BRDA:32,3,1,0
BRDA:33,4,0,1
BRDA:33,4,1,0
BRDA:34,5,0,1
BRDA:34,5,1,0
BRDA:53,6,0,0
BRDA:53,6,1,0
BRDA:62,7,0,1
BRDA:62,7,1,3
BRDA:65,8,0,1
BRDA:65,8,1,2
BRDA:82,9,0,2
BRDA:82,9,1,0
BRDA:95,10,0,4
BRDA:95,10,1,0
BRDA:96,11,0,4
BRDA:96,11,1,0
BRDA:97,12,0,4
BRDA:97,12,1,0
BRDA:103,13,0,3
BRDA:103,13,1,1
BRDA:104,14,0,2
BRDA:104,14,1,1
BRDA:106,15,0,2
BRDA:106,15,1,0
BRDA:108,16,0,1
BRDA:108,16,1,1
BRDA:123,17,0,2
BRDA:123,17,1,0
BRDA:138,18,0,2
BRDA:138,18,1,0
BRDA:150,19,0,1
BRDA:150,19,1,1
BRDA:151,20,0,1
BRDA:151,20,1,0
BRDA:153,21,0,0
BRDA:153,21,1,1
BRDA:157,22,0,1
BRDA:157,22,1,0
BRDA:158,23,0,0
BRDA:158,23,1,1
BRDA:167,24,0,1
BRDA:167,24,1,0
BRF:48
BRH:29
end_of_record
TN:
SF:/Users/sun/Documents/git/bigbom/BigBomTokenSale/contracts/zeppelin/math/SafeMath.sol
FN:13,mul
FN:25,div
FN:35,sub
FN:43,add
FNF:4
FNH:4
FNDA:4,mul
FNDA:2,div
FNDA:26,sub
FNDA:21,add
DA:14,4
DA:15,0
DA:17,4
DA:18,4
DA:19,4
DA:27,2
DA:29,2
DA:36,26
DA:37,24
DA:44,21
DA:45,21
DA:46,21
LF:12
LH:11
BRDA:14,1,0,0
BRDA:14,1,1,4
BRDA:18,2,0,4
BRDA:18,2,1,0
BRDA:36,3,0,24
BRDA:36,3,1,2
BRDA:45,4,0,21
BRDA:45,4,1,0
BRF:8
BRH:5
end_of_record
TN:
SF:/Users/sun/Documents/git/bigbom/BigBomTokenSale/contracts/zeppelin/ownership/Ownable.sol
FN:17,Ownable
FN:25,onlyOwner
FN:35,transferOwnership
FNF:3
FNH:3
FNDA:8,Ownable
FNDA:41,onlyOwner
FNDA:6,transferOwnership
DA:18,8
DA:26,41
DA:27,33
DA:36,6
DA:37,6
LF:5
LH:5
BRDA:26,1,0,33
BRDA:26,1,1,8
BRDA:36,2,0,6
BRDA:36,2,1,0
BRF:4
BRH:3
end_of_record
TN:
SF:/Users/sun/Documents/git/bigbom/BigBomTokenSale/contracts/zeppelin/token/BasicToken.sol
FN:22,transfer
FN:34,balanceOf
FNF:2
FNH:2
FNDA:13,transfer
FNDA:15,balanceOf
DA:23,13
DA:24,12
DA:25,12
DA:26,12
DA:35,15
LF:5
LH:5
BRF:0
BRH:0
end_of_record
TN:
SF:/Users/sun/Documents/git/bigbom/BigBomTokenSale/contracts/zeppelin/token/ERC20.sol
FNF:0
FNH:0
LF:0
LH:0
BRF:0
BRH:0
end_of_record
TN:
SF:/Users/sun/Documents/git/bigbom/BigBomTokenSale/contracts/zeppelin/token/ERC20Basic.sol
FNF:0
FNH:0
LF:0
LH:0
BRF:0
BRH:0
end_of_record
TN:
SF:/Users/sun/Documents/git/bigbom/BigBomTokenSale/contracts/zeppelin/token/StandardToken.sol
FN:26,transferFrom
FN:45,approve
FN:64,allowance
FNF:3
FNH:3
FNDA:1,transferFrom
FNDA:3,approve
FNDA:1,allowance
DA:27,1
DA:32,1
DA:33,1
DA:35,1
DA:36,1
DA:37,1
DA:51,3
DA:53,3
DA:54,3
DA:55,3
DA:65,1
LF:11
LH:11
BRDA:51,1,0,3
BRDA:51,1,1,0
BRF:2
BRH:1
end_of_record
